[Bot Base] - [08-27-2025 20:24:06][[31merror[39m]: [31m[ComponentLoader] Error loading buttons component at D:\ziggy test bot\ziggy test bot\components\buttons\enter_giveaway.js: Cannot read properties of undefined (reading 'buttons') Cannot read properties of undefined (reading 'buttons')[39m
[Bot Base] - [08-27-2025 20:24:06][[31merror[39m]: [31m[ComponentLoader] Error loading buttons component at D:\ziggy test bot\ziggy test bot\components\buttons\refresh_leaderboard.js: Cannot read properties of undefined (reading 'buttons') Cannot read properties of undefined (reading 'buttons')[39m
[Bot Base] - [08-27-2025 20:24:06][[31merror[39m]: [31m[ComponentLoader] Error loading buttons component at D:\ziggy test bot\ziggy test bot\components\buttons\refresh_uptime.js: Cannot read properties of undefined (reading 'buttons') Cannot read properties of undefined (reading 'buttons')[39m
[Bot Base] - [08-27-2025 20:24:09][[31merror[39m]: [31m[ComponentLoader] Error loading buttons component at D:\ziggy test bot\ziggy test bot\components\buttons\enter_giveaway.js: Cannot read properties of undefined (reading 'buttons') Cannot read properties of undefined (reading 'buttons')[39m
[Bot Base] - [08-27-2025 20:24:09][[31merror[39m]: [31m[ComponentLoader] Error loading buttons component at D:\ziggy test bot\ziggy test bot\components\buttons\refresh_leaderboard.js: Cannot read properties of undefined (reading 'buttons') Cannot read properties of undefined (reading 'buttons')[39m
[Bot Base] - [08-27-2025 20:24:09][[31merror[39m]: [31m[ComponentLoader] Error loading buttons component at D:\ziggy test bot\ziggy test bot\components\buttons\refresh_uptime.js: Cannot read properties of undefined (reading 'buttons') Cannot read properties of undefined (reading 'buttons')[39m
[Bot Base] - [08-27-2025 20:24:09][[31merror[39m]: [31m[CommandLoader] Failed to load D:\ziggy test bot\ziggy test bot\commands\slash\public\purge_command.js: Unexpected identifier 'permissions'[39m
[Bot Base] - [08-27-2025 20:24:12][[31merror[39m]: [31m[ComponentLoader] Error loading buttons component at D:\ziggy test bot\ziggy test bot\components\buttons\enter_giveaway.js: Cannot read properties of undefined (reading 'buttons') Cannot read properties of undefined (reading 'buttons')[39m
[Bot Base] - [08-27-2025 20:24:12][[31merror[39m]: [31m[ComponentLoader] Error loading buttons component at D:\ziggy test bot\ziggy test bot\components\buttons\refresh_leaderboard.js: Cannot read properties of undefined (reading 'buttons') Cannot read properties of undefined (reading 'buttons')[39m
[Bot Base] - [08-27-2025 20:24:12][[31merror[39m]: [31m[ComponentLoader] Error loading buttons component at D:\ziggy test bot\ziggy test bot\components\buttons\refresh_uptime.js: Cannot read properties of undefined (reading 'buttons') Cannot read properties of undefined (reading 'buttons')[39m
[Bot Base] - [08-27-2025 20:24:12][[31merror[39m]: [31m[CommandLoader] Failed to load D:\ziggy test bot\ziggy test bot\commands\slash\public\purge_command.js: Unexpected identifier 'permissions'[39m
[Bot Base] - [08-27-2025 21:02:21][[31merror[39m]: [31m[ComponentLoader] Error loading buttons component at D:\ziggy test bot\ziggy test bot\components\buttons\enter_giveaway.js: Cannot read properties of undefined (reading 'buttons') Cannot read properties of undefined (reading 'buttons')[39m
[Bot Base] - [08-27-2025 21:02:21][[31merror[39m]: [31m[ComponentLoader] Error loading buttons component at D:\ziggy test bot\ziggy test bot\components\buttons\refresh_leaderboard.js: Cannot read properties of undefined (reading 'buttons') Cannot read properties of undefined (reading 'buttons')[39m
[Bot Base] - [08-27-2025 21:02:21][[31merror[39m]: [31m[ComponentLoader] Error loading buttons component at D:\ziggy test bot\ziggy test bot\components\buttons\refresh_uptime.js: Cannot read properties of undefined (reading 'buttons') Cannot read properties of undefined (reading 'buttons')[39m
[Bot Base] - [08-27-2025 21:02:21][[31merror[39m]: [31m[CommandLoader] Failed to load D:\ziggy test bot\ziggy test bot\commands\slash\public\purge_command.js: Unexpected identifier 'permissions'[39m
[Bot Base] - [08-27-2025 21:02:26][[31merror[39m]: [31m[ComponentLoader] Error loading buttons component at D:\ziggy test bot\ziggy test bot\components\buttons\enter_giveaway.js: Cannot read properties of undefined (reading 'buttons') Cannot read properties of undefined (reading 'buttons')[39m
[Bot Base] - [08-27-2025 21:02:26][[31merror[39m]: [31m[ComponentLoader] Error loading buttons component at D:\ziggy test bot\ziggy test bot\components\buttons\refresh_leaderboard.js: Cannot read properties of undefined (reading 'buttons') Cannot read properties of undefined (reading 'buttons')[39m
[Bot Base] - [08-27-2025 21:02:26][[31merror[39m]: [31m[ComponentLoader] Error loading buttons component at D:\ziggy test bot\ziggy test bot\components\buttons\refresh_uptime.js: Cannot read properties of undefined (reading 'buttons') Cannot read properties of undefined (reading 'buttons')[39m
[Bot Base] - [08-27-2025 21:02:27][[31merror[39m]: [31m[CommandLoader] Failed to load D:\ziggy test bot\ziggy test bot\commands\slash\public\purge_command.js: Unexpected identifier 'permissions'[39m
[Bot Base] - [08-27-2025 21:02:32][[31merror[39m]: [31m[ComponentLoader] Error loading buttons component at D:\ziggy test bot\ziggy test bot\components\buttons\enter_giveaway.js: Cannot read properties of undefined (reading 'buttons') Cannot read properties of undefined (reading 'buttons')[39m
[Bot Base] - [08-27-2025 21:02:32][[31merror[39m]: [31m[ComponentLoader] Error loading buttons component at D:\ziggy test bot\ziggy test bot\components\buttons\refresh_leaderboard.js: Cannot read properties of undefined (reading 'buttons') Cannot read properties of undefined (reading 'buttons')[39m
[Bot Base] - [08-27-2025 21:02:32][[31merror[39m]: [31m[ComponentLoader] Error loading buttons component at D:\ziggy test bot\ziggy test bot\components\buttons\refresh_uptime.js: Cannot read properties of undefined (reading 'buttons') Cannot read properties of undefined (reading 'buttons')[39m
[Bot Base] - [08-27-2025 21:02:33][[31merror[39m]: [31m[CommandLoader] Failed to load D:\ziggy test bot\ziggy test bot\commands\slash\public\purge_command.js: Unexpected identifier 'permissions'[39m
[Bot Base] - [08-27-2025 21:02:39][[31merror[39m]: [31m[ComponentLoader] Error loading buttons component at D:\ziggy test bot\ziggy test bot\components\buttons\enter_giveaway.js: Cannot read properties of undefined (reading 'buttons') Cannot read properties of undefined (reading 'buttons')[39m
[Bot Base] - [08-27-2025 21:02:39][[31merror[39m]: [31m[ComponentLoader] Error loading buttons component at D:\ziggy test bot\ziggy test bot\components\buttons\refresh_leaderboard.js: Cannot read properties of undefined (reading 'buttons') Cannot read properties of undefined (reading 'buttons')[39m
[Bot Base] - [08-27-2025 21:02:39][[31merror[39m]: [31m[ComponentLoader] Error loading buttons component at D:\ziggy test bot\ziggy test bot\components\buttons\refresh_uptime.js: Cannot read properties of undefined (reading 'buttons') Cannot read properties of undefined (reading 'buttons')[39m
[Bot Base] - [08-27-2025 21:02:40][[31merror[39m]: [31m[CommandLoader] Failed to load D:\ziggy test bot\ziggy test bot\commands\slash\public\purge_command.js: Unexpected identifier 'permissions'[39m
[Bot Base] - [08-27-2025 21:03:06][[31merror[39m]: [31m[ComponentLoader] Error loading buttons component at D:\ziggy test bot\ziggy test bot\components\buttons\enter_giveaway.js: Cannot read properties of undefined (reading 'buttons') Cannot read properties of undefined (reading 'buttons')[39m
[Bot Base] - [08-27-2025 21:03:06][[31merror[39m]: [31m[ComponentLoader] Error loading buttons component at D:\ziggy test bot\ziggy test bot\components\buttons\refresh_leaderboard.js: Cannot read properties of undefined (reading 'buttons') Cannot read properties of undefined (reading 'buttons')[39m
[Bot Base] - [08-27-2025 21:03:06][[31merror[39m]: [31m[ComponentLoader] Error loading buttons component at D:\ziggy test bot\ziggy test bot\components\buttons\refresh_uptime.js: Cannot read properties of undefined (reading 'buttons') Cannot read properties of undefined (reading 'buttons')[39m
[Bot Base] - [08-27-2025 21:03:09][[31merror[39m]: [31m[ComponentLoader] Error loading buttons component at D:\ziggy test bot\ziggy test bot\components\buttons\enter_giveaway.js: Cannot read properties of undefined (reading 'buttons') Cannot read properties of undefined (reading 'buttons')[39m
[Bot Base] - [08-27-2025 21:03:09][[31merror[39m]: [31m[ComponentLoader] Error loading buttons component at D:\ziggy test bot\ziggy test bot\components\buttons\refresh_leaderboard.js: Cannot read properties of undefined (reading 'buttons') Cannot read properties of undefined (reading 'buttons')[39m
[Bot Base] - [08-27-2025 21:03:09][[31merror[39m]: [31m[ComponentLoader] Error loading buttons component at D:\ziggy test bot\ziggy test bot\components\buttons\refresh_uptime.js: Cannot read properties of undefined (reading 'buttons') Cannot read properties of undefined (reading 'buttons')[39m
[Bot Base] - [08-27-2025 21:04:12][[31merror[39m]: [31m[ComponentLoader] Error loading buttons component at D:\ziggy test bot\ziggy test bot\components\buttons\enter_giveaway.js: Cannot read properties of undefined (reading 'buttons') Cannot read properties of undefined (reading 'buttons')[39m
[Bot Base] - [08-27-2025 21:04:12][[31merror[39m]: [31m[ComponentLoader] Error loading buttons component at D:\ziggy test bot\ziggy test bot\components\buttons\refresh_leaderboard.js: Cannot read properties of undefined (reading 'buttons') Cannot read properties of undefined (reading 'buttons')[39m
[Bot Base] - [08-27-2025 21:04:12][[31merror[39m]: [31m[ComponentLoader] Error loading buttons component at D:\ziggy test bot\ziggy test bot\components\buttons\refresh_uptime.js: Cannot read properties of undefined (reading 'buttons') Cannot read properties of undefined (reading 'buttons')[39m
[Bot Base] - [08-27-2025 21:04:16][[31merror[39m]: [31m[ComponentLoader] Error loading buttons component at D:\ziggy test bot\ziggy test bot\components\buttons\enter_giveaway.js: Cannot read properties of undefined (reading 'buttons') Cannot read properties of undefined (reading 'buttons')[39m
[Bot Base] - [08-27-2025 21:04:16][[31merror[39m]: [31m[ComponentLoader] Error loading buttons component at D:\ziggy test bot\ziggy test bot\components\buttons\refresh_leaderboard.js: Cannot read properties of undefined (reading 'buttons') Cannot read properties of undefined (reading 'buttons')[39m
[Bot Base] - [08-27-2025 21:04:16][[31merror[39m]: [31m[ComponentLoader] Error loading buttons component at D:\ziggy test bot\ziggy test bot\components\buttons\refresh_uptime.js: Cannot read properties of undefined (reading 'buttons') Cannot read properties of undefined (reading 'buttons')[39m
[Bot Base] - [08-27-2025 21:04:16][[31merror[39m]: [31muncaughtException: undefined is not iterable (cannot read property Symbol(Symbol.iterator))[39m
[31mTypeError: undefined is not iterable (cannot read property Symbol(Symbol.iterator))[39m
[31m    at Function.all (<anonymous>)[39m
[31m    at Object.execute (D:\ziggy test bot\ziggy test bot\events\client\ready.js:7:25)[39m
[31m    at Client.execute (D:\ziggy test bot\ziggy test bot\handlers\eventHandler.js:19:44)[39m
[31m    at Client.emit (node:events:518:28)[39m
[31m    at WebSocketManager.triggerClientReady (D:\ziggy test bot\ziggy test bot\node_modules\discord.js\src\client\websocket\WebSocketManager.js:401:17)[39m
[31m    at WebSocketManager.checkShardsReady (D:\ziggy test bot\ziggy test bot\node_modules\discord.js\src\client\websocket\WebSocketManager.js:368:10)[39m
[31m    at WebSocketShard.<anonymous> (D:\ziggy test bot\ziggy test bot\node_modules\discord.js\src\client\websocket\WebSocketManager.js:198:16)[39m
[31m    at WebSocketShard.emit (node:events:518:28)[39m
[31m    at WebSocketShard.checkReady (D:\ziggy test bot\ziggy test bot\node_modules\discord.js\src\client\websocket\WebSocketShard.js:184:12)[39m
[31m    at WebSocketShard.gotGuild (D:\ziggy test bot\ziggy test bot\node_modules\discord.js\src\client\websocket\WebSocketShard.js:158:10)[39m
[Bot Base] - [08-27-2025 21:04:23][[31merror[39m]: [31m[ComponentLoader] Error loading buttons component at D:\ziggy test bot\ziggy test bot\components\buttons\enter_giveaway.js: Cannot read properties of undefined (reading 'buttons') Cannot read properties of undefined (reading 'buttons')[39m
[Bot Base] - [08-27-2025 21:04:23][[31merror[39m]: [31m[ComponentLoader] Error loading buttons component at D:\ziggy test bot\ziggy test bot\components\buttons\refresh_leaderboard.js: Cannot read properties of undefined (reading 'buttons') Cannot read properties of undefined (reading 'buttons')[39m
[Bot Base] - [08-27-2025 21:04:23][[31merror[39m]: [31m[ComponentLoader] Error loading buttons component at D:\ziggy test bot\ziggy test bot\components\buttons\refresh_uptime.js: Cannot read properties of undefined (reading 'buttons') Cannot read properties of undefined (reading 'buttons')[39m
[Bot Base] - [08-27-2025 21:04:32][[31merror[39m]: [31m[ComponentLoader] Error loading buttons component at D:\ziggy test bot\ziggy test bot\components\buttons\enter_giveaway.js: Cannot read properties of undefined (reading 'buttons') Cannot read properties of undefined (reading 'buttons')[39m
[Bot Base] - [08-27-2025 21:04:32][[31merror[39m]: [31m[ComponentLoader] Error loading buttons component at D:\ziggy test bot\ziggy test bot\components\buttons\refresh_leaderboard.js: Cannot read properties of undefined (reading 'buttons') Cannot read properties of undefined (reading 'buttons')[39m
[Bot Base] - [08-27-2025 21:04:32][[31merror[39m]: [31m[ComponentLoader] Error loading buttons component at D:\ziggy test bot\ziggy test bot\components\buttons\refresh_uptime.js: Cannot read properties of undefined (reading 'buttons') Cannot read properties of undefined (reading 'buttons')[39m
[Bot Base] - [08-27-2025 21:04:35][[31merror[39m]: [31m[ComponentLoader] Error loading buttons component at D:\ziggy test bot\ziggy test bot\components\buttons\enter_giveaway.js: Cannot read properties of undefined (reading 'buttons') Cannot read properties of undefined (reading 'buttons')[39m
[Bot Base] - [08-27-2025 21:04:35][[31merror[39m]: [31m[ComponentLoader] Error loading buttons component at D:\ziggy test bot\ziggy test bot\components\buttons\refresh_leaderboard.js: Cannot read properties of undefined (reading 'buttons') Cannot read properties of undefined (reading 'buttons')[39m
[Bot Base] - [08-27-2025 21:04:35][[31merror[39m]: [31m[ComponentLoader] Error loading buttons component at D:\ziggy test bot\ziggy test bot\components\buttons\refresh_uptime.js: Cannot read properties of undefined (reading 'buttons') Cannot read properties of undefined (reading 'buttons')[39m
[Bot Base] - [08-27-2025 21:04:43][[31merror[39m]: [31m[ComponentLoader] Error loading buttons component at D:\ziggy test bot\ziggy test bot\components\buttons\enter_giveaway.js: Cannot read properties of undefined (reading 'buttons') Cannot read properties of undefined (reading 'buttons')[39m
[Bot Base] - [08-27-2025 21:04:44][[31merror[39m]: [31m[ComponentLoader] Error loading buttons component at D:\ziggy test bot\ziggy test bot\components\buttons\refresh_leaderboard.js: Cannot read properties of undefined (reading 'buttons') Cannot read properties of undefined (reading 'buttons')[39m
[Bot Base] - [08-27-2025 21:04:44][[31merror[39m]: [31m[ComponentLoader] Error loading buttons component at D:\ziggy test bot\ziggy test bot\components\buttons\refresh_uptime.js: Cannot read properties of undefined (reading 'buttons') Cannot read properties of undefined (reading 'buttons')[39m
[Bot Base] - [08-27-2025 21:11:47][[31merror[39m]: [31m[ComponentLoader] Error loading buttons component at D:\ziggy test bot\ziggy test bot\components\buttons\enter_giveaway.js: Cannot read properties of undefined (reading 'buttons') Cannot read properties of undefined (reading 'buttons')[39m
[Bot Base] - [08-27-2025 21:11:47][[31merror[39m]: [31m[ComponentLoader] Error loading buttons component at D:\ziggy test bot\ziggy test bot\components\buttons\refresh_leaderboard.js: Cannot read properties of undefined (reading 'buttons') Cannot read properties of undefined (reading 'buttons')[39m
[Bot Base] - [08-27-2025 21:11:47][[31merror[39m]: [31m[ComponentLoader] Error loading buttons component at D:\ziggy test bot\ziggy test bot\components\buttons\refresh_uptime.js: Cannot read properties of undefined (reading 'buttons') Cannot read properties of undefined (reading 'buttons')[39m
[Bot Base] - [08-27-2025 21:13:55][[31merror[39m]: [31m[ComponentLoader] Error loading buttons component at D:\ziggy test bot\ziggy test bot\components\buttons\enter_giveaway.js: Cannot read properties of undefined (reading 'buttons') Cannot read properties of undefined (reading 'buttons')[39m
[Bot Base] - [08-27-2025 21:13:55][[31merror[39m]: [31m[ComponentLoader] Error loading buttons component at D:\ziggy test bot\ziggy test bot\components\buttons\refresh_leaderboard.js: Cannot read properties of undefined (reading 'buttons') Cannot read properties of undefined (reading 'buttons')[39m
[Bot Base] - [08-27-2025 21:13:55][[31merror[39m]: [31m[ComponentLoader] Error loading buttons component at D:\ziggy test bot\ziggy test bot\components\buttons\refresh_uptime.js: Cannot read properties of undefined (reading 'buttons') Cannot read properties of undefined (reading 'buttons')[39m
[Bot Base] - [08-27-2025 21:13:55][[31merror[39m]: [31m[EventLoader] Error loading event files: Unexpected token '{' Unexpected token '{'[39m
[Bot Base] - [08-27-2025 21:16:02][[31merror[39m]: [31m[ComponentLoader] Error loading buttons component at D:\ziggy test bot\ziggy test bot\components\buttons\enter_giveaway.js: Cannot read properties of undefined (reading 'buttons') Cannot read properties of undefined (reading 'buttons')[39m
[Bot Base] - [08-27-2025 21:16:02][[31merror[39m]: [31m[ComponentLoader] Error loading buttons component at D:\ziggy test bot\ziggy test bot\components\buttons\refresh_leaderboard.js: Cannot read properties of undefined (reading 'buttons') Cannot read properties of undefined (reading 'buttons')[39m
[Bot Base] - [08-27-2025 21:16:02][[31merror[39m]: [31m[ComponentLoader] Error loading buttons component at D:\ziggy test bot\ziggy test bot\components\buttons\refresh_uptime.js: Cannot read properties of undefined (reading 'buttons') Cannot read properties of undefined (reading 'buttons')[39m
[Bot Base] - [08-27-2025 21:16:02][[31merror[39m]: [31m[EventLoader] Error loading event files: Unexpected token '{' Unexpected token '{'[39m
[Bot Base] - [08-27-2025 21:16:05][[31merror[39m]: [31m[ComponentLoader] Error loading buttons component at D:\ziggy test bot\ziggy test bot\components\buttons\enter_giveaway.js: Cannot read properties of undefined (reading 'buttons') Cannot read properties of undefined (reading 'buttons')[39m
[Bot Base] - [08-27-2025 21:16:05][[31merror[39m]: [31m[ComponentLoader] Error loading buttons component at D:\ziggy test bot\ziggy test bot\components\buttons\refresh_leaderboard.js: Cannot read properties of undefined (reading 'buttons') Cannot read properties of undefined (reading 'buttons')[39m
[Bot Base] - [08-27-2025 21:16:05][[31merror[39m]: [31m[ComponentLoader] Error loading buttons component at D:\ziggy test bot\ziggy test bot\components\buttons\refresh_uptime.js: Cannot read properties of undefined (reading 'buttons') Cannot read properties of undefined (reading 'buttons')[39m
[Bot Base] - [08-27-2025 21:16:05][[31merror[39m]: [31m[EventLoader] Error loading event files: Unexpected token '{' Unexpected token '{'[39m
[Bot Base] - [08-27-2025 21:16:36][[31merror[39m]: [31m[ComponentLoader] Error loading buttons component at D:\ziggy test bot\ziggy test bot\components\buttons\enter_giveaway.js: Cannot read properties of undefined (reading 'buttons') Cannot read properties of undefined (reading 'buttons')[39m
[Bot Base] - [08-27-2025 21:16:36][[31merror[39m]: [31m[ComponentLoader] Error loading buttons component at D:\ziggy test bot\ziggy test bot\components\buttons\refresh_leaderboard.js: Cannot read properties of undefined (reading 'buttons') Cannot read properties of undefined (reading 'buttons')[39m
[Bot Base] - [08-27-2025 21:16:36][[31merror[39m]: [31m[ComponentLoader] Error loading buttons component at D:\ziggy test bot\ziggy test bot\components\buttons\refresh_uptime.js: Cannot read properties of undefined (reading 'buttons') Cannot read properties of undefined (reading 'buttons')[39m
[Bot Base] - [08-27-2025 21:16:36][[31merror[39m]: [31m[EventLoader] Error loading event files: Unexpected token '{' Unexpected token '{'[39m
[Bot Base] - [08-27-2025 21:17:03][[31merror[39m]: [31m[ComponentLoader] Error loading buttons component at D:\ziggy test bot\ziggy test bot\components\buttons\enter_giveaway.js: Cannot read properties of undefined (reading 'buttons') Cannot read properties of undefined (reading 'buttons')[39m
[Bot Base] - [08-27-2025 21:17:03][[31merror[39m]: [31m[ComponentLoader] Error loading buttons component at D:\ziggy test bot\ziggy test bot\components\buttons\refresh_leaderboard.js: Cannot read properties of undefined (reading 'buttons') Cannot read properties of undefined (reading 'buttons')[39m
[Bot Base] - [08-27-2025 21:17:03][[31merror[39m]: [31m[ComponentLoader] Error loading buttons component at D:\ziggy test bot\ziggy test bot\components\buttons\refresh_uptime.js: Cannot read properties of undefined (reading 'buttons') Cannot read properties of undefined (reading 'buttons')[39m
[Bot Base] - [08-27-2025 21:17:03][[31merror[39m]: [31m[EventLoader] Error loading event files: Unexpected token '{' Unexpected token '{'[39m
[Bot Base] - [08-27-2025 21:17:37][[31merror[39m]: [31m[ComponentLoader] Error loading buttons component at D:\ziggy test bot\ziggy test bot\components\buttons\enter_giveaway.js: Cannot read properties of undefined (reading 'buttons') Cannot read properties of undefined (reading 'buttons')[39m
[Bot Base] - [08-27-2025 21:17:37][[31merror[39m]: [31m[ComponentLoader] Error loading buttons component at D:\ziggy test bot\ziggy test bot\components\buttons\refresh_leaderboard.js: Cannot read properties of undefined (reading 'buttons') Cannot read properties of undefined (reading 'buttons')[39m
[Bot Base] - [08-27-2025 21:17:37][[31merror[39m]: [31m[ComponentLoader] Error loading buttons component at D:\ziggy test bot\ziggy test bot\components\buttons\refresh_uptime.js: Cannot read properties of undefined (reading 'buttons') Cannot read properties of undefined (reading 'buttons')[39m
[Bot Base] - [08-27-2025 21:17:37][[31merror[39m]: [31m[EventLoader] Error loading event files: Unexpected token '{' Unexpected token '{'[39m
[Bot Base] - [08-27-2025 21:18:16][[31merror[39m]: [31m[ComponentLoader] Error loading buttons component at D:\ziggy test bot\ziggy test bot\components\buttons\enter_giveaway.js: Cannot read properties of undefined (reading 'buttons') Cannot read properties of undefined (reading 'buttons')[39m
[Bot Base] - [08-27-2025 21:18:16][[31merror[39m]: [31m[ComponentLoader] Error loading buttons component at D:\ziggy test bot\ziggy test bot\components\buttons\refresh_leaderboard.js: Cannot read properties of undefined (reading 'buttons') Cannot read properties of undefined (reading 'buttons')[39m
[Bot Base] - [08-27-2025 21:18:16][[31merror[39m]: [31m[ComponentLoader] Error loading buttons component at D:\ziggy test bot\ziggy test bot\components\buttons\refresh_uptime.js: Cannot read properties of undefined (reading 'buttons') Cannot read properties of undefined (reading 'buttons')[39m
[Bot Base] - [08-27-2025 21:18:17][[31merror[39m]: [31m[EventLoader] Error loading event files: Unexpected token '{' Unexpected token '{'[39m
[Bot Base] - [08-27-2025 21:18:36][[31merror[39m]: [31m[ComponentLoader] Error loading buttons component at D:\ziggy test bot\ziggy test bot\components\buttons\enter_giveaway.js: Cannot read properties of undefined (reading 'buttons') Cannot read properties of undefined (reading 'buttons')[39m
[Bot Base] - [08-27-2025 21:18:36][[31merror[39m]: [31m[ComponentLoader] Error loading buttons component at D:\ziggy test bot\ziggy test bot\components\buttons\refresh_leaderboard.js: Cannot read properties of undefined (reading 'buttons') Cannot read properties of undefined (reading 'buttons')[39m
[Bot Base] - [08-27-2025 21:18:36][[31merror[39m]: [31m[ComponentLoader] Error loading buttons component at D:\ziggy test bot\ziggy test bot\components\buttons\refresh_uptime.js: Cannot read properties of undefined (reading 'buttons') Cannot read properties of undefined (reading 'buttons')[39m
[Bot Base] - [08-27-2025 21:18:36][[31merror[39m]: [31m[EventLoader] Error loading event files: Unexpected token '{' Unexpected token '{'[39m
[Bot Base] - [08-27-2025 21:19:23][[31merror[39m]: [31m[EventLoader] Error loading event files: Unexpected token '{' Unexpected token '{'[39m
[Bot Base] - [08-27-2025 21:20:06][[31merror[39m]: [31m[EventLoader] Error loading event files: Unexpected token '{' Unexpected token '{'[39m
[Bot Base] - [08-27-2025 21:20:37][[31merror[39m]: [31m[EventLoader] Error loading event files: Unexpected token '{' Unexpected token '{'[39m
[Bot Base] - [08-27-2025 21:23:18][[31merror[39m]: [31m[EventLoader] Error loading event files: Unexpected token '{' Unexpected token '{'[39m
[Bot Base] - [08-27-2025 21:23:40][[31merror[39m]: [31m[EventLoader] Error loading event files: Unexpected token '{' Unexpected token '{'[39m
[Bot Base] - [08-27-2025 21:23:49][[31merror[39m]: [31m[EventLoader] Error loading event files: Unexpected token '{' Unexpected token '{'[39m
[Bot Base] - [08-27-2025 21:25:10][[31merror[39m]: [31m[EventLoader] Error loading event files: Unexpected token '{' Unexpected token '{'[39m
[Bot Base] - [08-27-2025 21:25:13][[31merror[39m]: [31m[EventLoader] Error loading event files: Unexpected token '{' Unexpected token '{'[39m
[Bot Base] - [08-27-2025 21:25:16][[31merror[39m]: [31m[EventLoader] Error loading event files: Unexpected token '{' Unexpected token '{'[39m
[Bot Base] - [08-27-2025 21:25:31][[31merror[39m]: [31m[EventLoader] Error loading event files: Unexpected token '{' Unexpected token '{'[39m
[Bot Base] - [08-27-2025 21:25:38][[31merror[39m]: [31m[EventLoader] Error loading event files: Unexpected token '{' Unexpected token '{'[39m
[Bot Base] - [08-27-2025 21:26:24][[31merror[39m]: [31m[EventLoader] Error loading event files: Unexpected token '{' Unexpected token '{'[39m
[Bot Base] - [08-27-2025 21:27:27][[31merror[39m]: [31m[ComponentLoader] Error loading buttons component at D:\ziggy test bot\ziggy test bot\components\buttons\refresh_uptime.js: Unexpected token ')' Unexpected token ')'[39m
[Bot Base] - [08-27-2025 21:27:27][[31merror[39m]: [31m[EventLoader] Error loading event files: Unexpected token '{' Unexpected token '{'[39m
[Bot Base] - [08-27-2025 21:27:27][[31merror[39m]: [31m[CommandLoader] Failed to load D:\ziggy test bot\ziggy test bot\commands\slash\public\uptime.js: Unexpected token ')'[39m
[Bot Base] - [08-27-2025 21:27:33][[31merror[39m]: [31m[EventLoader] Error loading event files: Unexpected token '{' Unexpected token '{'[39m
[Bot Base] - [08-27-2025 21:31:14][[31merror[39m]: [31m[EventLoader] Error loading event files: Unexpected token '{' Unexpected token '{'[39m
[Bot Base] - [08-27-2025 21:40:45][[31merror[39m]: [31m[EventLoader] Error loading event files: Unexpected token '{' Unexpected token '{'[39m
[Bot Base] - [08-27-2025 21:40:51][[31merror[39m]: [31m[EventLoader] Error loading event files: Unexpected token '{' Unexpected token '{'[39m
[Bot Base] - [08-27-2025 21:41:26][[31merror[39m]: [31m[EventLoader] Error loading event files: Unexpected token '{' Unexpected token '{'[39m
[Bot Base] - [08-27-2025 21:41:53][[31merror[39m]: [31m[EventLoader] Error loading event files: Unexpected token '{' Unexpected token '{'[39m
[Bot Base] - [08-27-2025 21:42:17][[31merror[39m]: [31m[EventLoader] Error loading event files: Unexpected token ',' Unexpected token ','[39m
[Bot Base] - [08-27-2025 21:42:21][[31merror[39m]: [31m[EventLoader] Error loading event files: Unexpected token ',' Unexpected token ','[39m
[Bot Base] - [08-27-2025 21:44:13][[31merror[39m]: [31m[EventLoader] Error loading event files: Unexpected token ',' Unexpected token ','[39m
[Bot Base] - [08-27-2025 21:44:51][[31merror[39m]: [31m[EventLoader] Error loading event files: Unexpected token ',' Unexpected token ','[39m
[Bot Base] - [08-27-2025 21:45:04][[31merror[39m]: [31m[EventLoader] Error loading event files: Unexpected token ';' Unexpected token ';'[39m
[Bot Base] - [08-27-2025 21:45:19][[31merror[39m]: [31m[EventLoader] Error loading event files: Unexpected token ';' Unexpected token ';'[39m
[Bot Base] - [08-27-2025 21:45:35][[31merror[39m]: [31m[EventLoader] Error loading event files: Unexpected end of input Unexpected end of input[39m
[Bot Base] - [08-27-2025 21:49:24][[31merror[39m]: [31m[CommandLoader] Failed to load D:\ziggy test bot\ziggy test bot\commands\slash\public\report.js: Cannot find module '../../../utils/dbConnect'[39m
[31mRequire stack:[39m
[31m- D:\ziggy test bot\ziggy test bot\commands\slash\public\report.js[39m
[31m- D:\ziggy test bot\ziggy test bot\handlers\commandHandler.js[39m
[31m- D:\ziggy test bot\ziggy test bot\events\client\ready.js[39m
[31m- D:\ziggy test bot\ziggy test bot\handlers\eventHandler.js[39m
[31m- D:\ziggy test bot\ziggy test bot\index.js[39m
[Bot Base] - [08-27-2025 21:49:24][[31merror[39m]: [31m[CommandLoader] Failed to load D:\ziggy test bot\ziggy test bot\commands\slash\public\reportsetup.js: Cannot find module '../../../utils/dbConnect'[39m
[31mRequire stack:[39m
[31m- D:\ziggy test bot\ziggy test bot\commands\slash\public\reportsetup.js[39m
[31m- D:\ziggy test bot\ziggy test bot\handlers\commandHandler.js[39m
[31m- D:\ziggy test bot\ziggy test bot\events\client\ready.js[39m
[31m- D:\ziggy test bot\ziggy test bot\handlers\eventHandler.js[39m
[31m- D:\ziggy test bot\ziggy test bot\index.js[39m
[Bot Base] - [08-27-2025 21:49:57][[31merror[39m]: [31m[CommandLoader] Failed to load D:\ziggy test bot\ziggy test bot\commands\slash\public\report.js: Cannot find module '../../../utils/dbConnect'[39m
[31mRequire stack:[39m
[31m- D:\ziggy test bot\ziggy test bot\commands\slash\public\report.js[39m
[31m- D:\ziggy test bot\ziggy test bot\handlers\commandHandler.js[39m
[31m- D:\ziggy test bot\ziggy test bot\events\client\ready.js[39m
[31m- D:\ziggy test bot\ziggy test bot\handlers\eventHandler.js[39m
[31m- D:\ziggy test bot\ziggy test bot\index.js[39m
