[Bot Base] - [08-26-2025 20:00:22][[31merror[39m]: [31m[ComponentLoader] Error loading buttons component at D:\ziggy test bot\ziggy test bot\components\buttons\enter_giveaway.js: Cannot read properties of undefined (reading 'buttons') Cannot read properties of undefined (reading 'buttons')[39m
[Bot Base] - [08-26-2025 20:00:22][[31merror[39m]: [31m[ComponentLoader] Error loading buttons component at D:\ziggy test bot\ziggy test bot\components\buttons\refresh_leaderboard.js: Cannot read properties of undefined (reading 'buttons') Cannot read properties of undefined (reading 'buttons')[39m
[Bot Base] - [08-26-2025 20:00:22][[31merror[39m]: [31m[ComponentLoader] Error loading buttons component at D:\ziggy test bot\ziggy test bot\components\buttons\refresh_uptime.js: Cannot read properties of undefined (reading 'buttons') Cannot read properties of undefined (reading 'buttons')[39m
[Bot Base] - [08-26-2025 20:00:23][[31merror[39m]: [31m[CommandLoader] Failed to load D:\ziggy test bot\ziggy test bot\commands\slash\public\purge_command.js: Unexpected identifier 'permissions'[39m
[Bot Base] - [08-26-2025 20:00:39][[31merror[39m]: [31m[ComponentLoader] Error loading buttons component at D:\ziggy test bot\ziggy test bot\components\buttons\enter_giveaway.js: Cannot read properties of undefined (reading 'buttons') Cannot read properties of undefined (reading 'buttons')[39m
[Bot Base] - [08-26-2025 20:00:39][[31merror[39m]: [31m[ComponentLoader] Error loading buttons component at D:\ziggy test bot\ziggy test bot\components\buttons\refresh_leaderboard.js: Cannot read properties of undefined (reading 'buttons') Cannot read properties of undefined (reading 'buttons')[39m
[Bot Base] - [08-26-2025 20:00:39][[31merror[39m]: [31m[ComponentLoader] Error loading buttons component at D:\ziggy test bot\ziggy test bot\components\buttons\refresh_uptime.js: Cannot read properties of undefined (reading 'buttons') Cannot read properties of undefined (reading 'buttons')[39m
[Bot Base] - [08-26-2025 20:00:40][[31merror[39m]: [31m[CommandLoader] Failed to load D:\ziggy test bot\ziggy test bot\commands\slash\public\purge_command.js: Unexpected identifier 'permissions'[39m
[Bot Base] - [08-26-2025 20:01:24][[31merror[39m]: [31m[ComponentLoader] Error loading buttons component at D:\ziggy test bot\ziggy test bot\components\buttons\enter_giveaway.js: Cannot read properties of undefined (reading 'buttons') Cannot read properties of undefined (reading 'buttons')[39m
[Bot Base] - [08-26-2025 20:01:24][[31merror[39m]: [31m[ComponentLoader] Error loading buttons component at D:\ziggy test bot\ziggy test bot\components\buttons\refresh_leaderboard.js: Cannot read properties of undefined (reading 'buttons') Cannot read properties of undefined (reading 'buttons')[39m
[Bot Base] - [08-26-2025 20:01:24][[31merror[39m]: [31m[ComponentLoader] Error loading buttons component at D:\ziggy test bot\ziggy test bot\components\buttons\refresh_uptime.js: Cannot read properties of undefined (reading 'buttons') Cannot read properties of undefined (reading 'buttons')[39m
[Bot Base] - [08-26-2025 20:01:25][[31merror[39m]: [31m[CommandLoader] Failed to load D:\ziggy test bot\ziggy test bot\commands\slash\public\purge_command.js: Unexpected identifier 'permissions'[39m
[Bot Base] - [08-26-2025 20:01:30][[31merror[39m]: [31m[ComponentLoader] Error loading buttons component at D:\ziggy test bot\ziggy test bot\components\buttons\enter_giveaway.js: Cannot read properties of undefined (reading 'buttons') Cannot read properties of undefined (reading 'buttons')[39m
[Bot Base] - [08-26-2025 20:01:30][[31merror[39m]: [31m[ComponentLoader] Error loading buttons component at D:\ziggy test bot\ziggy test bot\components\buttons\refresh_leaderboard.js: Cannot read properties of undefined (reading 'buttons') Cannot read properties of undefined (reading 'buttons')[39m
[Bot Base] - [08-26-2025 20:01:30][[31merror[39m]: [31m[ComponentLoader] Error loading buttons component at D:\ziggy test bot\ziggy test bot\components\buttons\refresh_uptime.js: Cannot read properties of undefined (reading 'buttons') Cannot read properties of undefined (reading 'buttons')[39m
[Bot Base] - [08-26-2025 20:01:30][[31merror[39m]: [31m[CommandLoader] Failed to load D:\ziggy test bot\ziggy test bot\commands\slash\public\purge_command.js: Unexpected identifier 'permissions'[39m
[Bot Base] - [08-26-2025 20:53:36][[31merror[39m]: [31m[ComponentLoader] Error loading buttons component at D:\ziggy test bot\ziggy test bot\components\buttons\enter_giveaway.js: Cannot read properties of undefined (reading 'buttons') Cannot read properties of undefined (reading 'buttons')[39m
[Bot Base] - [08-26-2025 20:53:36][[31merror[39m]: [31m[ComponentLoader] Error loading buttons component at D:\ziggy test bot\ziggy test bot\components\buttons\refresh_leaderboard.js: Cannot read properties of undefined (reading 'buttons') Cannot read properties of undefined (reading 'buttons')[39m
[Bot Base] - [08-26-2025 20:53:36][[31merror[39m]: [31m[ComponentLoader] Error loading buttons component at D:\ziggy test bot\ziggy test bot\components\buttons\refresh_uptime.js: Cannot read properties of undefined (reading 'buttons') Cannot read properties of undefined (reading 'buttons')[39m
[Bot Base] - [08-26-2025 20:53:39][[31merror[39m]: [31m[ComponentLoader] Error loading buttons component at D:\ziggy test bot\ziggy test bot\components\buttons\enter_giveaway.js: Cannot read properties of undefined (reading 'buttons') Cannot read properties of undefined (reading 'buttons')[39m
[Bot Base] - [08-26-2025 20:53:39][[31merror[39m]: [31m[ComponentLoader] Error loading buttons component at D:\ziggy test bot\ziggy test bot\components\buttons\refresh_leaderboard.js: Cannot read properties of undefined (reading 'buttons') Cannot read properties of undefined (reading 'buttons')[39m
[Bot Base] - [08-26-2025 20:53:39][[31merror[39m]: [31m[ComponentLoader] Error loading buttons component at D:\ziggy test bot\ziggy test bot\components\buttons\refresh_uptime.js: Cannot read properties of undefined (reading 'buttons') Cannot read properties of undefined (reading 'buttons')[39m
[Bot Base] - [08-26-2025 20:53:40][[31merror[39m]: [31m[CommandLoader] Failed to load D:\ziggy test bot\ziggy test bot\commands\slash\public\purge_command.js: Unexpected identifier 'permissions'[39m
[Bot Base] - [08-26-2025 21:17:28][[31merror[39m]: [31m[ComponentLoader] Error loading buttons component at D:\ziggy test bot\ziggy test bot\components\buttons\enter_giveaway.js: Cannot read properties of undefined (reading 'buttons') Cannot read properties of undefined (reading 'buttons')[39m
[Bot Base] - [08-26-2025 21:17:28][[31merror[39m]: [31m[ComponentLoader] Error loading buttons component at D:\ziggy test bot\ziggy test bot\components\buttons\refresh_leaderboard.js: Cannot read properties of undefined (reading 'buttons') Cannot read properties of undefined (reading 'buttons')[39m
[Bot Base] - [08-26-2025 21:17:28][[31merror[39m]: [31m[ComponentLoader] Error loading buttons component at D:\ziggy test bot\ziggy test bot\components\buttons\refresh_uptime.js: Cannot read properties of undefined (reading 'buttons') Cannot read properties of undefined (reading 'buttons')[39m
[Bot Base] - [08-26-2025 21:17:31][[31merror[39m]: [31m[ComponentLoader] Error loading buttons component at D:\ziggy test bot\ziggy test bot\components\buttons\enter_giveaway.js: Cannot read properties of undefined (reading 'buttons') Cannot read properties of undefined (reading 'buttons')[39m
[Bot Base] - [08-26-2025 21:17:31][[31merror[39m]: [31m[ComponentLoader] Error loading buttons component at D:\ziggy test bot\ziggy test bot\components\buttons\refresh_leaderboard.js: Cannot read properties of undefined (reading 'buttons') Cannot read properties of undefined (reading 'buttons')[39m
[Bot Base] - [08-26-2025 21:17:31][[31merror[39m]: [31m[ComponentLoader] Error loading buttons component at D:\ziggy test bot\ziggy test bot\components\buttons\refresh_uptime.js: Cannot read properties of undefined (reading 'buttons') Cannot read properties of undefined (reading 'buttons')[39m
[Bot Base] - [08-26-2025 21:17:32][[31merror[39m]: [31m[CommandLoader] Failed to load D:\ziggy test bot\ziggy test bot\commands\slash\public\purge_command.js: Unexpected identifier 'permissions'[39m
[Bot Base] - [08-26-2025 21:17:34][[31merror[39m]: [31m[ComponentLoader] Error loading buttons component at D:\ziggy test bot\ziggy test bot\components\buttons\enter_giveaway.js: Cannot read properties of undefined (reading 'buttons') Cannot read properties of undefined (reading 'buttons')[39m
[Bot Base] - [08-26-2025 21:17:34][[31merror[39m]: [31m[ComponentLoader] Error loading buttons component at D:\ziggy test bot\ziggy test bot\components\buttons\refresh_leaderboard.js: Cannot read properties of undefined (reading 'buttons') Cannot read properties of undefined (reading 'buttons')[39m
[Bot Base] - [08-26-2025 21:17:34][[31merror[39m]: [31m[ComponentLoader] Error loading buttons component at D:\ziggy test bot\ziggy test bot\components\buttons\refresh_uptime.js: Cannot read properties of undefined (reading 'buttons') Cannot read properties of undefined (reading 'buttons')[39m
[Bot Base] - [08-26-2025 21:17:36][[31merror[39m]: [31m[CommandLoader] Failed to load D:\ziggy test bot\ziggy test bot\commands\slash\public\purge_command.js: Unexpected identifier 'permissions'[39m
[Bot Base] - [08-26-2025 21:39:03][[31merror[39m]: [31m[ComponentLoader] Error loading buttons component at D:\ziggy test bot\ziggy test bot\components\buttons\enter_giveaway.js: Cannot read properties of undefined (reading 'buttons') Cannot read properties of undefined (reading 'buttons')[39m
[Bot Base] - [08-26-2025 21:39:03][[31merror[39m]: [31m[ComponentLoader] Error loading buttons component at D:\ziggy test bot\ziggy test bot\components\buttons\refresh_leaderboard.js: Cannot read properties of undefined (reading 'buttons') Cannot read properties of undefined (reading 'buttons')[39m
[Bot Base] - [08-26-2025 21:39:03][[31merror[39m]: [31m[ComponentLoader] Error loading buttons component at D:\ziggy test bot\ziggy test bot\components\buttons\refresh_uptime.js: Cannot read properties of undefined (reading 'buttons') Cannot read properties of undefined (reading 'buttons')[39m
[Bot Base] - [08-26-2025 21:39:04][[31merror[39m]: [31m[CommandLoader] Failed to load D:\ziggy test bot\ziggy test bot\commands\slash\public\purge_command.js: Unexpected identifier 'permissions'[39m
[Bot Base] - [08-26-2025 21:39:16][[31merror[39m]: [31mError executing slash command beta: interaction is not defined interaction is not defined[39m
[Bot Base] - [08-26-2025 21:39:37][[31merror[39m]: [31m[ComponentLoader] Error loading buttons component at D:\ziggy test bot\ziggy test bot\components\buttons\enter_giveaway.js: Cannot read properties of undefined (reading 'buttons') Cannot read properties of undefined (reading 'buttons')[39m
[Bot Base] - [08-26-2025 21:39:37][[31merror[39m]: [31m[ComponentLoader] Error loading buttons component at D:\ziggy test bot\ziggy test bot\components\buttons\refresh_leaderboard.js: Cannot read properties of undefined (reading 'buttons') Cannot read properties of undefined (reading 'buttons')[39m
[Bot Base] - [08-26-2025 21:39:37][[31merror[39m]: [31m[ComponentLoader] Error loading buttons component at D:\ziggy test bot\ziggy test bot\components\buttons\refresh_uptime.js: Cannot read properties of undefined (reading 'buttons') Cannot read properties of undefined (reading 'buttons')[39m
[Bot Base] - [08-26-2025 21:39:38][[31merror[39m]: [31m[CommandLoader] Failed to load D:\ziggy test bot\ziggy test bot\commands\slash\public\purge_command.js: Unexpected identifier 'permissions'[39m
[Bot Base] - [08-26-2025 21:39:45][[31merror[39m]: [31m[ComponentLoader] Error loading buttons component at D:\ziggy test bot\ziggy test bot\components\buttons\enter_giveaway.js: Cannot read properties of undefined (reading 'buttons') Cannot read properties of undefined (reading 'buttons')[39m
[Bot Base] - [08-26-2025 21:39:46][[31merror[39m]: [31m[ComponentLoader] Error loading buttons component at D:\ziggy test bot\ziggy test bot\components\buttons\refresh_leaderboard.js: Cannot read properties of undefined (reading 'buttons') Cannot read properties of undefined (reading 'buttons')[39m
[Bot Base] - [08-26-2025 21:39:46][[31merror[39m]: [31m[ComponentLoader] Error loading buttons component at D:\ziggy test bot\ziggy test bot\components\buttons\refresh_uptime.js: Cannot read properties of undefined (reading 'buttons') Cannot read properties of undefined (reading 'buttons')[39m
[Bot Base] - [08-26-2025 21:39:46][[31merror[39m]: [31m[CommandLoader] Failed to load D:\ziggy test bot\ziggy test bot\commands\slash\public\beta.js: Unexpected identifier 'interaction'[39m
[Bot Base] - [08-26-2025 21:39:47][[31merror[39m]: [31m[CommandLoader] Failed to load D:\ziggy test bot\ziggy test bot\commands\slash\public\purge_command.js: Unexpected identifier 'permissions'[39m
[Bot Base] - [08-26-2025 21:39:57][[31merror[39m]: [31m[ComponentLoader] Error loading buttons component at D:\ziggy test bot\ziggy test bot\components\buttons\enter_giveaway.js: Cannot read properties of undefined (reading 'buttons') Cannot read properties of undefined (reading 'buttons')[39m
[Bot Base] - [08-26-2025 21:39:57][[31merror[39m]: [31m[ComponentLoader] Error loading buttons component at D:\ziggy test bot\ziggy test bot\components\buttons\refresh_leaderboard.js: Cannot read properties of undefined (reading 'buttons') Cannot read properties of undefined (reading 'buttons')[39m
[Bot Base] - [08-26-2025 21:39:57][[31merror[39m]: [31m[ComponentLoader] Error loading buttons component at D:\ziggy test bot\ziggy test bot\components\buttons\refresh_uptime.js: Cannot read properties of undefined (reading 'buttons') Cannot read properties of undefined (reading 'buttons')[39m
[Bot Base] - [08-26-2025 21:39:57][[31merror[39m]: [31m[CommandLoader] Failed to load D:\ziggy test bot\ziggy test bot\commands\slash\public\beta.js: Unexpected token '{'[39m
[Bot Base] - [08-26-2025 21:39:58][[31merror[39m]: [31m[CommandLoader] Failed to load D:\ziggy test bot\ziggy test bot\commands\slash\public\purge_command.js: Unexpected identifier 'permissions'[39m
[Bot Base] - [08-26-2025 21:40:07][[31merror[39m]: [31m[ComponentLoader] Error loading buttons component at D:\ziggy test bot\ziggy test bot\components\buttons\enter_giveaway.js: Cannot read properties of undefined (reading 'buttons') Cannot read properties of undefined (reading 'buttons')[39m
[Bot Base] - [08-26-2025 21:40:07][[31merror[39m]: [31m[ComponentLoader] Error loading buttons component at D:\ziggy test bot\ziggy test bot\components\buttons\refresh_leaderboard.js: Cannot read properties of undefined (reading 'buttons') Cannot read properties of undefined (reading 'buttons')[39m
[Bot Base] - [08-26-2025 21:40:07][[31merror[39m]: [31m[ComponentLoader] Error loading buttons component at D:\ziggy test bot\ziggy test bot\components\buttons\refresh_uptime.js: Cannot read properties of undefined (reading 'buttons') Cannot read properties of undefined (reading 'buttons')[39m
[Bot Base] - [08-26-2025 21:40:09][[31merror[39m]: [31m[CommandLoader] Failed to load D:\ziggy test bot\ziggy test bot\commands\slash\public\purge_command.js: Unexpected identifier 'permissions'[39m
[Bot Base] - [08-26-2025 21:40:41][[31merror[39m]: [31m[ComponentLoader] Error loading buttons component at D:\ziggy test bot\ziggy test bot\components\buttons\enter_giveaway.js: Cannot read properties of undefined (reading 'buttons') Cannot read properties of undefined (reading 'buttons')[39m
[Bot Base] - [08-26-2025 21:40:41][[31merror[39m]: [31m[ComponentLoader] Error loading buttons component at D:\ziggy test bot\ziggy test bot\components\buttons\refresh_leaderboard.js: Cannot read properties of undefined (reading 'buttons') Cannot read properties of undefined (reading 'buttons')[39m
[Bot Base] - [08-26-2025 21:40:41][[31merror[39m]: [31m[ComponentLoader] Error loading buttons component at D:\ziggy test bot\ziggy test bot\components\buttons\refresh_uptime.js: Cannot read properties of undefined (reading 'buttons') Cannot read properties of undefined (reading 'buttons')[39m
[Bot Base] - [08-26-2025 21:40:42][[31merror[39m]: [31m[CommandLoader] Failed to load D:\ziggy test bot\ziggy test bot\commands\slash\public\beta.js: missing ) after argument list[39m
[Bot Base] - [08-26-2025 21:40:42][[31merror[39m]: [31m[CommandLoader] Failed to load D:\ziggy test bot\ziggy test bot\commands\slash\public\purge_command.js: Unexpected identifier 'permissions'[39m
[Bot Base] - [08-26-2025 21:41:06][[31merror[39m]: [31m[ComponentLoader] Error loading buttons component at D:\ziggy test bot\ziggy test bot\components\buttons\enter_giveaway.js: Cannot read properties of undefined (reading 'buttons') Cannot read properties of undefined (reading 'buttons')[39m
[Bot Base] - [08-26-2025 21:41:06][[31merror[39m]: [31m[ComponentLoader] Error loading buttons component at D:\ziggy test bot\ziggy test bot\components\buttons\refresh_leaderboard.js: Cannot read properties of undefined (reading 'buttons') Cannot read properties of undefined (reading 'buttons')[39m
[Bot Base] - [08-26-2025 21:41:06][[31merror[39m]: [31m[ComponentLoader] Error loading buttons component at D:\ziggy test bot\ziggy test bot\components\buttons\refresh_uptime.js: Cannot read properties of undefined (reading 'buttons') Cannot read properties of undefined (reading 'buttons')[39m
[Bot Base] - [08-26-2025 21:41:07][[31merror[39m]: [31m[CommandLoader] Failed to load D:\ziggy test bot\ziggy test bot\commands\slash\public\beta.js: missing ) after argument list[39m
[Bot Base] - [08-26-2025 21:41:07][[31merror[39m]: [31m[CommandLoader] Failed to load D:\ziggy test bot\ziggy test bot\commands\slash\public\purge_command.js: Unexpected identifier 'permissions'[39m
[Bot Base] - [08-26-2025 21:41:17][[31merror[39m]: [31m[ComponentLoader] Error loading buttons component at D:\ziggy test bot\ziggy test bot\components\buttons\enter_giveaway.js: Cannot read properties of undefined (reading 'buttons') Cannot read properties of undefined (reading 'buttons')[39m
[Bot Base] - [08-26-2025 21:41:17][[31merror[39m]: [31m[ComponentLoader] Error loading buttons component at D:\ziggy test bot\ziggy test bot\components\buttons\refresh_leaderboard.js: Cannot read properties of undefined (reading 'buttons') Cannot read properties of undefined (reading 'buttons')[39m
[Bot Base] - [08-26-2025 21:41:17][[31merror[39m]: [31m[ComponentLoader] Error loading buttons component at D:\ziggy test bot\ziggy test bot\components\buttons\refresh_uptime.js: Cannot read properties of undefined (reading 'buttons') Cannot read properties of undefined (reading 'buttons')[39m
[Bot Base] - [08-26-2025 21:41:18][[31merror[39m]: [31m[CommandLoader] Failed to load D:\ziggy test bot\ziggy test bot\commands\slash\public\beta.js: missing ) after argument list[39m
[Bot Base] - [08-26-2025 21:41:18][[31merror[39m]: [31m[CommandLoader] Failed to load D:\ziggy test bot\ziggy test bot\commands\slash\public\purge_command.js: Unexpected identifier 'permissions'[39m
[Bot Base] - [08-26-2025 21:41:23][[31merror[39m]: [31m[ComponentLoader] Error loading buttons component at D:\ziggy test bot\ziggy test bot\components\buttons\enter_giveaway.js: Cannot read properties of undefined (reading 'buttons') Cannot read properties of undefined (reading 'buttons')[39m
[Bot Base] - [08-26-2025 21:41:23][[31merror[39m]: [31m[ComponentLoader] Error loading buttons component at D:\ziggy test bot\ziggy test bot\components\buttons\refresh_leaderboard.js: Cannot read properties of undefined (reading 'buttons') Cannot read properties of undefined (reading 'buttons')[39m
[Bot Base] - [08-26-2025 21:41:23][[31merror[39m]: [31m[ComponentLoader] Error loading buttons component at D:\ziggy test bot\ziggy test bot\components\buttons\refresh_uptime.js: Cannot read properties of undefined (reading 'buttons') Cannot read properties of undefined (reading 'buttons')[39m
[Bot Base] - [08-26-2025 21:41:24][[31merror[39m]: [31m[CommandLoader] Failed to load D:\ziggy test bot\ziggy test bot\commands\slash\public\beta.js: missing ) after argument list[39m
[Bot Base] - [08-26-2025 21:41:24][[31merror[39m]: [31m[CommandLoader] Failed to load D:\ziggy test bot\ziggy test bot\commands\slash\public\purge_command.js: Unexpected identifier 'permissions'[39m
[Bot Base] - [08-26-2025 21:41:32][[31merror[39m]: [31m[ComponentLoader] Error loading buttons component at D:\ziggy test bot\ziggy test bot\components\buttons\enter_giveaway.js: Cannot read properties of undefined (reading 'buttons') Cannot read properties of undefined (reading 'buttons')[39m
[Bot Base] - [08-26-2025 21:41:32][[31merror[39m]: [31m[ComponentLoader] Error loading buttons component at D:\ziggy test bot\ziggy test bot\components\buttons\refresh_leaderboard.js: Cannot read properties of undefined (reading 'buttons') Cannot read properties of undefined (reading 'buttons')[39m
[Bot Base] - [08-26-2025 21:41:32][[31merror[39m]: [31m[ComponentLoader] Error loading buttons component at D:\ziggy test bot\ziggy test bot\components\buttons\refresh_uptime.js: Cannot read properties of undefined (reading 'buttons') Cannot read properties of undefined (reading 'buttons')[39m
[Bot Base] - [08-26-2025 21:41:33][[31merror[39m]: [31m[CommandLoader] Failed to load D:\ziggy test bot\ziggy test bot\commands\slash\public\purge_command.js: Unexpected identifier 'permissions'[39m
[Bot Base] - [08-26-2025 21:41:42][[31merror[39m]: [31m[ComponentLoader] Error loading buttons component at D:\ziggy test bot\ziggy test bot\components\buttons\enter_giveaway.js: Cannot read properties of undefined (reading 'buttons') Cannot read properties of undefined (reading 'buttons')[39m
[Bot Base] - [08-26-2025 21:41:42][[31merror[39m]: [31m[ComponentLoader] Error loading buttons component at D:\ziggy test bot\ziggy test bot\components\buttons\refresh_leaderboard.js: Cannot read properties of undefined (reading 'buttons') Cannot read properties of undefined (reading 'buttons')[39m
[Bot Base] - [08-26-2025 21:41:42][[31merror[39m]: [31m[ComponentLoader] Error loading buttons component at D:\ziggy test bot\ziggy test bot\components\buttons\refresh_uptime.js: Cannot read properties of undefined (reading 'buttons') Cannot read properties of undefined (reading 'buttons')[39m
[Bot Base] - [08-26-2025 21:41:43][[31merror[39m]: [31m[CommandLoader] Failed to load D:\ziggy test bot\ziggy test bot\commands\slash\public\beta.js: missing ) after argument list[39m
[Bot Base] - [08-26-2025 21:41:43][[31merror[39m]: [31m[CommandLoader] Failed to load D:\ziggy test bot\ziggy test bot\commands\slash\public\purge_command.js: Unexpected identifier 'permissions'[39m
[Bot Base] - [08-26-2025 21:41:50][[31merror[39m]: [31m[ComponentLoader] Error loading buttons component at D:\ziggy test bot\ziggy test bot\components\buttons\enter_giveaway.js: Cannot read properties of undefined (reading 'buttons') Cannot read properties of undefined (reading 'buttons')[39m
[Bot Base] - [08-26-2025 21:41:50][[31merror[39m]: [31m[ComponentLoader] Error loading buttons component at D:\ziggy test bot\ziggy test bot\components\buttons\refresh_leaderboard.js: Cannot read properties of undefined (reading 'buttons') Cannot read properties of undefined (reading 'buttons')[39m
[Bot Base] - [08-26-2025 21:41:50][[31merror[39m]: [31m[ComponentLoader] Error loading buttons component at D:\ziggy test bot\ziggy test bot\components\buttons\refresh_uptime.js: Cannot read properties of undefined (reading 'buttons') Cannot read properties of undefined (reading 'buttons')[39m
[Bot Base] - [08-26-2025 21:41:51][[31merror[39m]: [31m[CommandLoader] Failed to load D:\ziggy test bot\ziggy test bot\commands\slash\public\purge_command.js: Unexpected identifier 'permissions'[39m
[Bot Base] - [08-26-2025 21:42:37][[31merror[39m]: [31m[ComponentLoader] Error loading buttons component at D:\ziggy test bot\ziggy test bot\components\buttons\enter_giveaway.js: Cannot read properties of undefined (reading 'buttons') Cannot read properties of undefined (reading 'buttons')[39m
[Bot Base] - [08-26-2025 21:42:37][[31merror[39m]: [31m[ComponentLoader] Error loading buttons component at D:\ziggy test bot\ziggy test bot\components\buttons\refresh_leaderboard.js: Cannot read properties of undefined (reading 'buttons') Cannot read properties of undefined (reading 'buttons')[39m
[Bot Base] - [08-26-2025 21:42:37][[31merror[39m]: [31m[ComponentLoader] Error loading buttons component at D:\ziggy test bot\ziggy test bot\components\buttons\refresh_uptime.js: Cannot read properties of undefined (reading 'buttons') Cannot read properties of undefined (reading 'buttons')[39m
[Bot Base] - [08-26-2025 21:42:39][[31merror[39m]: [31m[CommandLoader] Failed to load D:\ziggy test bot\ziggy test bot\commands\slash\public\purge_command.js: Unexpected identifier 'permissions'[39m
[Bot Base] - [08-26-2025 21:42:52][[31merror[39m]: [31m[ComponentLoader] Error loading buttons component at D:\ziggy test bot\ziggy test bot\components\buttons\enter_giveaway.js: Cannot read properties of undefined (reading 'buttons') Cannot read properties of undefined (reading 'buttons')[39m
[Bot Base] - [08-26-2025 21:42:52][[31merror[39m]: [31m[ComponentLoader] Error loading buttons component at D:\ziggy test bot\ziggy test bot\components\buttons\refresh_leaderboard.js: Cannot read properties of undefined (reading 'buttons') Cannot read properties of undefined (reading 'buttons')[39m
[Bot Base] - [08-26-2025 21:42:52][[31merror[39m]: [31m[ComponentLoader] Error loading buttons component at D:\ziggy test bot\ziggy test bot\components\buttons\refresh_uptime.js: Cannot read properties of undefined (reading 'buttons') Cannot read properties of undefined (reading 'buttons')[39m
[Bot Base] - [08-26-2025 21:42:55][[31merror[39m]: [31m[CommandLoader] Failed to load D:\ziggy test bot\ziggy test bot\commands\slash\public\purge_command.js: Unexpected identifier 'permissions'[39m
[Bot Base] - [08-26-2025 21:48:35][[31merror[39m]: [31m[ComponentLoader] Error loading buttons component at D:\ziggy test bot\ziggy test bot\components\buttons\enter_giveaway.js: Cannot read properties of undefined (reading 'buttons') Cannot read properties of undefined (reading 'buttons')[39m
[Bot Base] - [08-26-2025 21:48:35][[31merror[39m]: [31m[ComponentLoader] Error loading buttons component at D:\ziggy test bot\ziggy test bot\components\buttons\refresh_leaderboard.js: Cannot read properties of undefined (reading 'buttons') Cannot read properties of undefined (reading 'buttons')[39m
[Bot Base] - [08-26-2025 21:48:35][[31merror[39m]: [31m[ComponentLoader] Error loading buttons component at D:\ziggy test bot\ziggy test bot\components\buttons\refresh_uptime.js: Cannot read properties of undefined (reading 'buttons') Cannot read properties of undefined (reading 'buttons')[39m
[Bot Base] - [08-26-2025 21:48:36][[31merror[39m]: [31m[CommandLoader] Failed to load D:\ziggy test bot\ziggy test bot\commands\slash\public\purge_command.js: Unexpected identifier 'permissions'[39m
[Bot Base] - [08-26-2025 22:36:20][[31merror[39m]: [31m[ComponentLoader] Error loading buttons component at D:\ziggy test bot\ziggy test bot\components\buttons\enter_giveaway.js: Cannot read properties of undefined (reading 'buttons') Cannot read properties of undefined (reading 'buttons')[39m
[Bot Base] - [08-26-2025 22:36:20][[31merror[39m]: [31m[ComponentLoader] Error loading buttons component at D:\ziggy test bot\ziggy test bot\components\buttons\refresh_leaderboard.js: Cannot read properties of undefined (reading 'buttons') Cannot read properties of undefined (reading 'buttons')[39m
[Bot Base] - [08-26-2025 22:36:21][[31merror[39m]: [31m[ComponentLoader] Error loading buttons component at D:\ziggy test bot\ziggy test bot\components\buttons\refresh_uptime.js: Cannot read properties of undefined (reading 'buttons') Cannot read properties of undefined (reading 'buttons')[39m
[Bot Base] - [08-26-2025 22:36:23][[31merror[39m]: [31m[ComponentLoader] Error loading buttons component at D:\ziggy test bot\ziggy test bot\components\buttons\enter_giveaway.js: Cannot read properties of undefined (reading 'buttons') Cannot read properties of undefined (reading 'buttons')[39m
[Bot Base] - [08-26-2025 22:36:23][[31merror[39m]: [31m[ComponentLoader] Error loading buttons component at D:\ziggy test bot\ziggy test bot\components\buttons\refresh_leaderboard.js: Cannot read properties of undefined (reading 'buttons') Cannot read properties of undefined (reading 'buttons')[39m
[Bot Base] - [08-26-2025 22:36:23][[31merror[39m]: [31m[ComponentLoader] Error loading buttons component at D:\ziggy test bot\ziggy test bot\components\buttons\refresh_uptime.js: Cannot read properties of undefined (reading 'buttons') Cannot read properties of undefined (reading 'buttons')[39m
[Bot Base] - [08-26-2025 22:36:24][[31merror[39m]: [31m[CommandLoader] Failed to load D:\ziggy test bot\ziggy test bot\commands\slash\public\purge_command.js: Unexpected identifier 'permissions'[39m
[Bot Base] - [08-26-2025 22:36:26][[31merror[39m]: [31m[ComponentLoader] Error loading buttons component at D:\ziggy test bot\ziggy test bot\components\buttons\enter_giveaway.js: Cannot read properties of undefined (reading 'buttons') Cannot read properties of undefined (reading 'buttons')[39m
[Bot Base] - [08-26-2025 22:36:26][[31merror[39m]: [31m[ComponentLoader] Error loading buttons component at D:\ziggy test bot\ziggy test bot\components\buttons\refresh_leaderboard.js: Cannot read properties of undefined (reading 'buttons') Cannot read properties of undefined (reading 'buttons')[39m
[Bot Base] - [08-26-2025 22:36:26][[31merror[39m]: [31m[ComponentLoader] Error loading buttons component at D:\ziggy test bot\ziggy test bot\components\buttons\refresh_uptime.js: Cannot read properties of undefined (reading 'buttons') Cannot read properties of undefined (reading 'buttons')[39m
[Bot Base] - [08-26-2025 22:36:27][[31merror[39m]: [31m[CommandLoader] Failed to load D:\ziggy test bot\ziggy test bot\commands\slash\public\purge_command.js: Unexpected identifier 'permissions'[39m
