[Bot Base] - [11-07-2025 21:13:52][[31merror[39m]: [31m[CommandLoader] Failed to load /home/ziggymc/Downloads/zigybot/commands/slash/private/music.js: Cannot find module '@discordjs/voice'[39m
[31mRequire stack:[39m
[31m- /home/ziggymc/Downloads/zigybot/commands/slash/private/music.js[39m
[31m- /home/ziggymc/Downloads/zigybot/handlers/commandHandler.js[39m
[31m- /home/ziggymc/Downloads/zigybot/events/client/ready.js[39m
[31m- /home/ziggymc/Downloads/zigybot/handlers/eventHandler.js[39m
[31m- /home/ziggymc/Downloads/zigybot/index.js[39m
[Bot Base] - [11-07-2025 21:15:59][[31merror[39m]: [31m[CommandLoader] Failed to load /home/ziggymc/Downloads/zigybot/commands/slash/private/music.js: Cannot find module '../models/userModel'[39m
[31mRequire stack:[39m
[31m- /home/ziggymc/Downloads/zigybot/commands/slash/private/music.js[39m
[31m- /home/ziggymc/Downloads/zigybot/handlers/commandHandler.js[39m
[31m- /home/ziggymc/Downloads/zigybot/events/client/ready.js[39m
[31m- /home/ziggymc/Downloads/zigybot/handlers/eventHandler.js[39m
[31m- /home/ziggymc/Downloads/zigybot/index.js[39m
[Bot Base] - [11-07-2025 21:16:39][[31merror[39m]: [31m[CommandLoader] Failed to load /home/ziggymc/Downloads/zigybot/commands/slash/private/music.js: Cannot find module '..../..//Schemas.js/userModel'[39m
[31mRequire stack:[39m
[31m- /home/ziggymc/Downloads/zigybot/commands/slash/private/music.js[39m
[31m- /home/ziggymc/Downloads/zigybot/handlers/commandHandler.js[39m
[31m- /home/ziggymc/Downloads/zigybot/events/client/ready.js[39m
[31m- /home/ziggymc/Downloads/zigybot/handlers/eventHandler.js[39m
[31m- /home/ziggymc/Downloads/zigybot/index.js[39m
[Bot Base] - [11-07-2025 21:16:51][[31merror[39m]: [31m[CommandLoader] Failed to load /home/ziggymc/Downloads/zigybot/commands/slash/private/music.js: Cannot find module '../models/guildModel'[39m
[31mRequire stack:[39m
[31m- /home/ziggymc/Downloads/zigybot/commands/slash/private/music.js[39m
[31m- /home/ziggymc/Downloads/zigybot/handlers/commandHandler.js[39m
[31m- /home/ziggymc/Downloads/zigybot/events/client/ready.js[39m
[31m- /home/ziggymc/Downloads/zigybot/handlers/eventHandler.js[39m
[31m- /home/ziggymc/Downloads/zigybot/index.js[39m
[Bot Base] - [11-07-2025 21:17:02][[31merror[39m]: [31m[CommandLoader] Failed to load /home/ziggymc/Downloads/zigybot/commands/slash/private/music.js: Cannot find module '../../../guildModel'[39m
[31mRequire stack:[39m
[31m- /home/ziggymc/Downloads/zigybot/commands/slash/private/music.js[39m
[31m- /home/ziggymc/Downloads/zigybot/handlers/commandHandler.js[39m
[31m- /home/ziggymc/Downloads/zigybot/events/client/ready.js[39m
[31m- /home/ziggymc/Downloads/zigybot/handlers/eventHandler.js[39m
[31m- /home/ziggymc/Downloads/zigybot/index.js[39m
[Bot Base] - [11-07-2025 21:17:14][[31merror[39m]: [31m[CommandLoader] Failed to load /home/ziggymc/Downloads/zigybot/commands/slash/private/music.js: subcommand.setName(...).setDescription(...).addSubcommand is not a function[39m
[Bot Base] - [11-07-2025 21:47:04][[31merror[39m]: [31m[Interactions] Error executing slash command music: MessageActionRow is not a constructor MessageActionRow is not a constructor[39m
[Bot Base] - [11-07-2025 21:53:20][[31merror[39m]: [31m[Interactions] Error executing slash command music: MessageActionRow is not a constructor MessageActionRow is not a constructor[39m
[Bot Base] - [11-07-2025 21:53:31][[31merror[39m]: [31m[Interactions] Error executing slash command music: MessageActionRow is not a constructor MessageActionRow is not a constructor[39m
[Bot Base] - [11-07-2025 21:53:42][[31merror[39m]: [31m[Interactions] Error executing slash command music: MessageActionRow is not a constructor MessageActionRow is not a constructor[39m
[Bot Base] - [11-07-2025 21:54:16][[31merror[39m]: [31m[Interactions] Error executing slash command music: MessageActionRow is not a constructor MessageActionRow is not a constructor[39m
[Bot Base] - [11-07-2025 22:09:57][[31merror[39m]: [31m[Interactions] Error executing slash command music: connections is not defined connections is not defined[39m
[Bot Base] - [11-07-2025 22:13:17][[31merror[39m]: [31m[Interactions] Error executing slash command music: Cannot access 'connection' before initialization Cannot access 'connection' before initialization[39m
[Bot Base] - [11-07-2025 22:22:51][[31merror[39m]: [31m[CommandLoader] Failed to load /home/ziggymc/Downloads/zigybot/commands/slash/private/music.js: sub.setName(...).setDescription(...).addSubcommandGroup is not a function[39m
[Bot Base] - [11-07-2025 22:29:06][[31merror[39m]: [31m[CommandLoader] Failed to load /home/ziggymc/Downloads/zigybot/commands/slash/private/music.js: sub.setName(...).setDescription(...).addSubcommandGroup is not a function[39m
[Bot Base] - [11-07-2025 22:52:52][[31merror[39m]: [31m[Interactions] Error executing slash command music: channel.isVouce is not a function channel.isVouce is not a function[39m
[Bot Base] - [11-07-2025 22:53:41][[31merror[39m]: [31m[Interactions] Error executing slash command music: channel.isVoice is not a function channel.isVoice is not a function[39m
[Bot Base] - [11-07-2025 23:11:30][[31merror[39m]: [31m[Interactions] Error executing slash command music: channel?.isVoice is not a function channel?.isVoice is not a function[39m
[Bot Base] - [11-07-2025 23:14:38][[31merror[39m]: [31m[Interactions] Error executing slash command music: ChannelType is not defined ChannelType is not defined[39m
[Bot Base] - [11-07-2025 23:15:58][[31merror[39m]: [31m[Interactions] Error executing slash command music: Unknown interaction Unknown interaction[39m
[Bot Base] - [11-07-2025 23:15:58][[31merror[39m]: [31munhandledRejection: Unknown interaction[39m
[31mDiscordAPIError[10062]: Unknown interaction[39m
[31m    at handleErrors (/home/ziggymc/Downloads/zigybot/node_modules/@discordjs/rest/dist/index.js:762:13)[39m
[31m    at process.processTicksAndRejections (node:internal/process/task_queues:105:5)[39m
[31m    at async BurstHandler.runRequest (/home/ziggymc/Downloads/zigybot/node_modules/@discordjs/rest/dist/index.js:866:23)[39m
[31m    at async _REST.request (/home/ziggymc/Downloads/zigybot/node_modules/@discordjs/rest/dist/index.js:1307:22)[39m
[31m    at async ChatInputCommandInteraction.reply (/home/ziggymc/Downloads/zigybot/node_modules/discord.js/src/structures/interfaces/InteractionResponses.js:200:22)[39m
[Bot Base] - [11-07-2025 23:19:27][[31merror[39m]: [31m[Interactions] Error executing slash command music: Unknown interaction Unknown interaction[39m
[Bot Base] - [11-07-2025 23:19:27][[31merror[39m]: [31munhandledRejection: Unknown interaction[39m
[31mDiscordAPIError[10062]: Unknown interaction[39m
[31m    at handleErrors (/home/ziggymc/Downloads/zigybot/node_modules/@discordjs/rest/dist/index.js:762:13)[39m
[31m    at process.processTicksAndRejections (node:internal/process/task_queues:105:5)[39m
[31m    at async BurstHandler.runRequest (/home/ziggymc/Downloads/zigybot/node_modules/@discordjs/rest/dist/index.js:866:23)[39m
[31m    at async _REST.request (/home/ziggymc/Downloads/zigybot/node_modules/@discordjs/rest/dist/index.js:1307:22)[39m
[31m    at async ChatInputCommandInteraction.reply (/home/ziggymc/Downloads/zigybot/node_modules/discord.js/src/structures/interfaces/InteractionResponses.js:200:22)[39m
[Bot Base] - [11-07-2025 23:25:01][[31merror[39m]: [31m[Interactions] Error executing slash command music: Cannot read properties of null (reading 'play') Cannot read properties of null (reading 'play')[39m
[Bot Base] - [11-07-2025 23:28:46][[31merror[39m]: [31m[Interactions] Error executing slash command music: Unknown interaction Unknown interaction[39m
[Bot Base] - [11-07-2025 23:28:46][[31merror[39m]: [31munhandledRejection: Unknown interaction[39m
[31mDiscordAPIError[10062]: Unknown interaction[39m
[31m    at handleErrors (/home/ziggymc/Downloads/zigybot/node_modules/@discordjs/rest/dist/index.js:762:13)[39m
[31m    at process.processTicksAndRejections (node:internal/process/task_queues:105:5)[39m
[31m    at async BurstHandler.runRequest (/home/ziggymc/Downloads/zigybot/node_modules/@discordjs/rest/dist/index.js:866:23)[39m
[31m    at async _REST.request (/home/ziggymc/Downloads/zigybot/node_modules/@discordjs/rest/dist/index.js:1307:22)[39m
[31m    at async ChatInputCommandInteraction.reply (/home/ziggymc/Downloads/zigybot/node_modules/discord.js/src/structures/interfaces/InteractionResponses.js:200:22)[39m
[Bot Base] - [11-07-2025 23:45:15][[31merror[39m]: [31m[Interactions] Error executing slash command music: Unknown interaction Unknown interaction[39m
[Bot Base] - [11-07-2025 23:45:16][[31merror[39m]: [31munhandledRejection: Unknown interaction[39m
[31mDiscordAPIError[10062]: Unknown interaction[39m
[31m    at handleErrors (/home/ziggymc/Downloads/zigybot/node_modules/@discordjs/rest/dist/index.js:762:13)[39m
[31m    at process.processTicksAndRejections (node:internal/process/task_queues:105:5)[39m
[31m    at async BurstHandler.runRequest (/home/ziggymc/Downloads/zigybot/node_modules/@discordjs/rest/dist/index.js:866:23)[39m
[31m    at async _REST.request (/home/ziggymc/Downloads/zigybot/node_modules/@discordjs/rest/dist/index.js:1307:22)[39m
[31m    at async ChatInputCommandInteraction.reply (/home/ziggymc/Downloads/zigybot/node_modules/discord.js/src/structures/interfaces/InteractionResponses.js:200:22)[39m
[Bot Base] - [11-07-2025 23:48:15][[31merror[39m]: [31m[Interactions] Error executing slash command music: Unknown interaction Unknown interaction[39m
[Bot Base] - [11-07-2025 23:48:15][[31merror[39m]: [31munhandledRejection: Unknown interaction[39m
[31mDiscordAPIError[10062]: Unknown interaction[39m
[31m    at handleErrors (/home/ziggymc/Downloads/zigybot/node_modules/@discordjs/rest/dist/index.js:762:13)[39m
[31m    at process.processTicksAndRejections (node:internal/process/task_queues:105:5)[39m
[31m    at async BurstHandler.runRequest (/home/ziggymc/Downloads/zigybot/node_modules/@discordjs/rest/dist/index.js:866:23)[39m
[31m    at async _REST.request (/home/ziggymc/Downloads/zigybot/node_modules/@discordjs/rest/dist/index.js:1307:22)[39m
[31m    at async ChatInputCommandInteraction.reply (/home/ziggymc/Downloads/zigybot/node_modules/discord.js/src/structures/interfaces/InteractionResponses.js:200:22)[39m
[Bot Base] - [11-08-2025 11:51:14][[31merror[39m]: [31m[EventLoader] Error loading event files: Cannot find module '../Schemas.js/musicConnection'[39m
[31mRequire stack:[39m
[31m- /home/ziggymc/Downloads/zigybot/events/guild/voiceStateUpdate.js[39m
[31m- /home/ziggymc/Downloads/zigybot/handlers/eventHandler.js[39m
[31m- /home/ziggymc/Downloads/zigybot/index.js Cannot find module '../Schemas.js/musicConnection'[39m
[31mRequire stack:[39m
[31m- /home/ziggymc/Downloads/zigybot/events/guild/voiceStateUpdate.js[39m
[31m- /home/ziggymc/Downloads/zigybot/handlers/eventHandler.js[39m
[31m- /home/ziggymc/Downloads/zigybot/index.js[39m
[Bot Base] - [11-08-2025 11:52:09][[31merror[39m]: [31m[EventLoader] Error loading event files: Cannot find module '../Schemas.js/musicConnection'[39m
[31mRequire stack:[39m
[31m- /home/ziggymc/Downloads/zigybot/events/guild/voiceStateUpdate.js[39m
[31m- /home/ziggymc/Downloads/zigybot/handlers/eventHandler.js[39m
[31m- /home/ziggymc/Downloads/zigybot/index.js Cannot find module '../Schemas.js/musicConnection'[39m
[31mRequire stack:[39m
[31m- /home/ziggymc/Downloads/zigybot/events/guild/voiceStateUpdate.js[39m
[31m- /home/ziggymc/Downloads/zigybot/handlers/eventHandler.js[39m
[31m- /home/ziggymc/Downloads/zigybot/index.js[39m
[Bot Base] - [11-08-2025 11:54:22][[31merror[39m]: [31m[EventLoader] Error loading event files: Cannot find module '../Schemas.js/musicConnection'[39m
[31mRequire stack:[39m
[31m- /home/ziggymc/Downloads/zigybot/events/guild/voiceStateUpdate.js[39m
[31m- /home/ziggymc/Downloads/zigybot/handlers/eventHandler.js[39m
[31m- /home/ziggymc/Downloads/zigybot/index.js Cannot find module '../Schemas.js/musicConnection'[39m
[31mRequire stack:[39m
[31m- /home/ziggymc/Downloads/zigybot/events/guild/voiceStateUpdate.js[39m
[31m- /home/ziggymc/Downloads/zigybot/handlers/eventHandler.js[39m
[31m- /home/ziggymc/Downloads/zigybot/index.js[39m
[Bot Base] - [11-08-2025 11:54:23][[31merror[39m]: [31m[CommandLoader] Failed to load /home/ziggymc/Downloads/zigybot/commands/slash/private/music.js: Identifier 'VoiceConnectionStatus' has already been declared[39m
[Bot Base] - [11-08-2025 11:55:05][[31merror[39m]: [31m[EventLoader] Error loading event files: Cannot find module '../Schemas.js/musicConnection'[39m
[31mRequire stack:[39m
[31m- /home/ziggymc/Downloads/zigybot/events/guild/voiceStateUpdate.js[39m
[31m- /home/ziggymc/Downloads/zigybot/handlers/eventHandler.js[39m
[31m- /home/ziggymc/Downloads/zigybot/index.js Cannot find module '../Schemas.js/musicConnection'[39m
[31mRequire stack:[39m
[31m- /home/ziggymc/Downloads/zigybot/events/guild/voiceStateUpdate.js[39m
[31m- /home/ziggymc/Downloads/zigybot/handlers/eventHandler.js[39m
[31m- /home/ziggymc/Downloads/zigybot/index.js[39m
[Bot Base] - [11-08-2025 11:55:07][[31merror[39m]: [31m[CommandLoader] Failed to load /home/ziggymc/Downloads/zigybot/commands/slash/private/music.js: Cannot find module '../../Schemas.js/musicConnection'[39m
[31mRequire stack:[39m
[31m- /home/ziggymc/Downloads/zigybot/commands/slash/private/music.js[39m
[31m- /home/ziggymc/Downloads/zigybot/handlers/commandHandler.js[39m
[31m- /home/ziggymc/Downloads/zigybot/events/client/ready.js[39m
[31m- /home/ziggymc/Downloads/zigybot/handlers/eventHandler.js[39m
[31m- /home/ziggymc/Downloads/zigybot/index.js[39m
[Bot Base] - [11-08-2025 11:56:36][[31merror[39m]: [31m[EventLoader] Error loading event files: Cannot find module '../Schemas.js/musicConnection'[39m
[31mRequire stack:[39m
[31m- /home/ziggymc/Downloads/zigybot/events/guild/voiceStateUpdate.js[39m
[31m- /home/ziggymc/Downloads/zigybot/handlers/eventHandler.js[39m
[31m- /home/ziggymc/Downloads/zigybot/index.js Cannot find module '../Schemas.js/musicConnection'[39m
[31mRequire stack:[39m
[31m- /home/ziggymc/Downloads/zigybot/events/guild/voiceStateUpdate.js[39m
[31m- /home/ziggymc/Downloads/zigybot/handlers/eventHandler.js[39m
[31m- /home/ziggymc/Downloads/zigybot/index.js[39m
[Bot Base] - [11-08-2025 11:57:07][[31merror[39m]: [31m[EventLoader] Error loading event files: Cannot find module '../../../Schemas.js/musicConnection'[39m
[31mRequire stack:[39m
[31m- /home/ziggymc/Downloads/zigybot/events/guild/voiceStateUpdate.js[39m
[31m- /home/ziggymc/Downloads/zigybot/handlers/eventHandler.js[39m
[31m- /home/ziggymc/Downloads/zigybot/index.js Cannot find module '../../../Schemas.js/musicConnection'[39m
[31mRequire stack:[39m
[31m- /home/ziggymc/Downloads/zigybot/events/guild/voiceStateUpdate.js[39m
[31m- /home/ziggymc/Downloads/zigybot/handlers/eventHandler.js[39m
[31m- /home/ziggymc/Downloads/zigybot/index.js[39m
[Bot Base] - [11-08-2025 11:57:19][[31merror[39m]: [31m[EventLoader] Error loading event files: Events is not defined Events is not defined[39m
