[Bot Base] - [04-09-2026 21:10:55][[31merror[39m]: [31muncaughtException: Cannot find module './handlers/moderationWatcher'[39m
[31mRequire stack:[39m
[31m- D:\Z-Hosting\bots\794228666518339604\index.js[39m
[31mError: Cannot find module './handlers/moderationWatcher'[39m
[31mRequire stack:[39m
[31m- D:\Z-Hosting\bots\794228666518339604\index.js[39m
[31m    at Function._resolveFilename (node:internal/modules/cjs/loader:1365:15)[39m
[31m    at Hook._require.Module.require (D:\Z-Hosting\node_modules\require-in-the-middle\index.js:81:25)[39m
[31m    at require (node:internal/modules/helpers:135:16)[39m
[31m    at Object.<anonymous> (D:\Z-Hosting\bots\794228666518339604\index.js:10:27)[39m
[31m    at Module._compile (node:internal/modules/cjs/loader:1688:14)[39m
[31m    at Object..js (node:internal/modules/cjs/loader:1820:10)[39m
[31m    at Module.load (node:internal/modules/cjs/loader:1423:32)[39m
[31m    at Function._load (node:internal/modules/cjs/loader:1246:12)[39m
[31m    at Object.<anonymous> (D:\Z-Hosting\node_modules\pm2\lib\ProcessContainerFork.js:33:23)[39m
[31m    at Module._compile (node:internal/modules/cjs/loader:1688:14)[39m
[Bot Base] - [04-09-2026 21:12:08][[31merror[39m]: [31muncaughtException: Cannot find module './Schemas.js/reactionrsno'[39m
[31mRequire stack:[39m
[31m- D:\Z-Hosting\bots\794228666518339604\index.js[39m
[31mError: Cannot find module './Schemas.js/reactionrsno'[39m
[31mRequire stack:[39m
[31m- D:\Z-Hosting\bots\794228666518339604\index.js[39m
[31m    at Function._resolveFilename (node:internal/modules/cjs/loader:1365:15)[39m
[31m    at Hook._require.Module.require (D:\Z-Hosting\node_modules\require-in-the-middle\index.js:81:25)[39m
[31m    at require (node:internal/modules/helpers:135:16)[39m
[31m    at Object.<anonymous> (D:\Z-Hosting\bots\794228666518339604\index.js:75:19)[39m
[31m    at Module._compile (node:internal/modules/cjs/loader:1688:14)[39m
[31m    at Object..js (node:internal/modules/cjs/loader:1820:10)[39m
[31m    at Module.load (node:internal/modules/cjs/loader:1423:32)[39m
[31m    at Function._load (node:internal/modules/cjs/loader:1246:12)[39m
[31m    at Object.<anonymous> (D:\Z-Hosting\node_modules\pm2\lib\ProcessContainerFork.js:33:23)[39m
[31m    at Module._compile (node:internal/modules/cjs/loader:1688:14)[39m
[Bot Base] - [04-09-2026 21:55:37][[31merror[39m]: [31munhandledRejection: Unknown Message[39m
[31mDiscordAPIError[10008]: Unknown Message[39m
[31m    at handleErrors (D:\Z-Hosting\bots\794228666518339604\node_modules\@discordjs\rest\dist\index.js:762:13)[39m
[31m    at process.processTicksAndRejections (node:internal/process/task_queues:105:5)[39m
[31m    at async SequentialHandler.runRequest (D:\Z-Hosting\bots\794228666518339604\node_modules\@discordjs\rest\dist\index.js:1163:23)[39m
[31m    at async SequentialHandler.queueRequest (D:\Z-Hosting\bots\794228666518339604\node_modules\@discordjs\rest\dist\index.js:994:14)[39m
[31m    at async _REST.request (D:\Z-Hosting\bots\794228666518339604\node_modules\@discordjs\rest\dist\index.js:1307:22)[39m
[31m    at async InteractionWebhook.editMessage (D:\Z-Hosting\bots\794228666518339604\node_modules\discord.js\src\structures\Webhook.js:351:15)[39m
[31m    at async ButtonInteraction.editReply (D:\Z-Hosting\bots\794228666518339604\node_modules\discord.js\src\structures\interfaces\InteractionResponses.js:247:17)[39m
[31m    at async InteractionCollector.<anonymous> (D:\Z-Hosting\bots\794228666518339604\commands\slash\public\bug-panel.js:122:17)[39m
[Bot Base] - [04-09-2026 22:09:49][[31merror[39m]: [31munhandledRejection: Unknown Message[39m
[31mDiscordAPIError[10008]: Unknown Message[39m
[31m    at handleErrors (D:\Z-Hosting\bots\794228666518339604\node_modules\@discordjs\rest\dist\index.js:762:13)[39m
[31m    at process.processTicksAndRejections (node:internal/process/task_queues:105:5)[39m
[31m    at async SequentialHandler.runRequest (D:\Z-Hosting\bots\794228666518339604\node_modules\@discordjs\rest\dist\index.js:1163:23)[39m
[31m    at async SequentialHandler.queueRequest (D:\Z-Hosting\bots\794228666518339604\node_modules\@discordjs\rest\dist\index.js:994:14)[39m
[31m    at async _REST.request (D:\Z-Hosting\bots\794228666518339604\node_modules\@discordjs\rest\dist\index.js:1307:22)[39m
[31m    at async InteractionWebhook.editMessage (D:\Z-Hosting\bots\794228666518339604\node_modules\discord.js\src\structures\Webhook.js:351:15)[39m
[31m    at async ButtonInteraction.editReply (D:\Z-Hosting\bots\794228666518339604\node_modules\discord.js\src\structures\interfaces\InteractionResponses.js:247:17)[39m
[31m    at async InteractionCollector.<anonymous> (D:\Z-Hosting\bots\794228666518339604\commands\slash\public\bug-panel.js:122:17)[39m
[Bot Base] - [04-09-2026 22:14:00][[31merror[39m]: [31munhandledRejection: Unknown Message[39m
[31mDiscordAPIError[10008]: Unknown Message[39m
[31m    at handleErrors (D:\Z-Hosting\bots\794228666518339604\node_modules\@discordjs\rest\dist\index.js:762:13)[39m
[31m    at process.processTicksAndRejections (node:internal/process/task_queues:105:5)[39m
[31m    at async SequentialHandler.runRequest (D:\Z-Hosting\bots\794228666518339604\node_modules\@discordjs\rest\dist\index.js:1163:23)[39m
[31m    at async SequentialHandler.queueRequest (D:\Z-Hosting\bots\794228666518339604\node_modules\@discordjs\rest\dist\index.js:994:14)[39m
[31m    at async _REST.request (D:\Z-Hosting\bots\794228666518339604\node_modules\@discordjs\rest\dist\index.js:1307:22)[39m
[31m    at async InteractionWebhook.editMessage (D:\Z-Hosting\bots\794228666518339604\node_modules\discord.js\src\structures\Webhook.js:351:15)[39m
[31m    at async ChatInputCommandInteraction.editReply (D:\Z-Hosting\bots\794228666518339604\node_modules\discord.js\src\structures\interfaces\InteractionResponses.js:247:17)[39m
[31m    at async InteractionCollector.<anonymous> (D:\Z-Hosting\bots\794228666518339604\commands\slash\public\bug-panel.js:129:17)[39m
