[Bot Base] - [01-02-2026 21:51:03][[31merror[39m]: [31muncaughtException: Cannot find module 'express'[39m
[31mRequire stack:[39m
[31m- /home/ziggymc/Downloads/zigybot/index.js[39m
[31mError: Cannot find module 'express'[39m
[31mRequire stack:[39m
[31m- /home/ziggymc/Downloads/zigybot/index.js[39m
[31m    at Function._resolveFilename (node:internal/modules/cjs/loader:1383:15)[39m
[31m    at defaultResolveImpl (node:internal/modules/cjs/loader:1025:19)[39m
[31m    at resolveForCJSWithHooks (node:internal/modules/cjs/loader:1030:22)[39m
[31m    at Function._load (node:internal/modules/cjs/loader:1192:37)[39m
[31m    at TracingChannel.traceSync (node:diagnostics_channel:322:14)[39m
[31m    at wrapModuleLoad (node:internal/modules/cjs/loader:237:24)[39m
[31m    at Module.require (node:internal/modules/cjs/loader:1463:12)[39m
[31m    at require (node:internal/modules/helpers:147:16)[39m
[31m    at Object.<anonymous> (/home/ziggymc/Downloads/zigybot/index.js:9:17)[39m
[31m    at Module._compile (node:internal/modules/cjs/loader:1706:14)[39m
[Bot Base] - [01-02-2026 21:52:12][[31merror[39m]: [31muncaughtException: The shards option must be 'auto', a number or array of numbers[39m
[31mTypeError [ClientInvalidOption]: The shards option must be 'auto', a number or array of numbers[39m
[31m    at Client._validateOptions (/home/ziggymc/Downloads/zigybot/node_modules/discord.js/src/client/Client.js:550:13)[39m
[31m    at new Client (/home/ziggymc/Downloads/zigybot/node_modules/discord.js/src/client/Client.js:81:10)[39m
[31m    at Object.<anonymous> (/home/ziggymc/Downloads/zigybot/index.js:17:16)[39m
[31m    at Module._compile (node:internal/modules/cjs/loader:1706:14)[39m
[31m    at Object..js (node:internal/modules/cjs/loader:1839:10)[39m
[31m    at Module.load (node:internal/modules/cjs/loader:1441:32)[39m
[31m    at Function._load (node:internal/modules/cjs/loader:1263:12)[39m
[31m    at TracingChannel.traceSync (node:diagnostics_channel:322:14)[39m
[31m    at wrapModuleLoad (node:internal/modules/cjs/loader:237:24)[39m
[31m    at Function.executeUserEntryPoint [as runMain] (node:internal/modules/run_main:171:5)[39m
[Bot Base] - [01-02-2026 21:53:05][[31merror[39m]: [31muncaughtException: shardIds is not defined[39m
[31mReferenceError: shardIds is not defined[39m
[31m    at Object.<anonymous> (/home/ziggymc/Downloads/zigybot/index.js:18:11)[39m
[31m    at Module._compile (node:internal/modules/cjs/loader:1706:14)[39m
[31m    at Object..js (node:internal/modules/cjs/loader:1839:10)[39m
[31m    at Module.load (node:internal/modules/cjs/loader:1441:32)[39m
[31m    at Function._load (node:internal/modules/cjs/loader:1263:12)[39m
[31m    at TracingChannel.traceSync (node:diagnostics_channel:322:14)[39m
[31m    at wrapModuleLoad (node:internal/modules/cjs/loader:237:24)[39m
[31m    at Function.executeUserEntryPoint [as runMain] (node:internal/modules/run_main:171:5)[39m
[31m    at node:internal/main/run_main_module:36:49[39m
[Bot Base] - [01-02-2026 21:53:14][[31merror[39m]: [31muncaughtException: shardIds is not defined[39m
[31mReferenceError: shardIds is not defined[39m
[31m    at Object.<anonymous> (/home/ziggymc/Downloads/zigybot/index.js:18:11)[39m
[31m    at Module._compile (node:internal/modules/cjs/loader:1706:14)[39m
[31m    at Object..js (node:internal/modules/cjs/loader:1839:10)[39m
[31m    at Module.load (node:internal/modules/cjs/loader:1441:32)[39m
[31m    at Function._load (node:internal/modules/cjs/loader:1263:12)[39m
[31m    at TracingChannel.traceSync (node:diagnostics_channel:322:14)[39m
[31m    at wrapModuleLoad (node:internal/modules/cjs/loader:237:24)[39m
[31m    at Function.executeUserEntryPoint [as runMain] (node:internal/modules/run_main:171:5)[39m
[31m    at node:internal/main/run_main_module:36:49[39m
[Bot Base] - [01-02-2026 21:53:25][[31merror[39m]: [31muncaughtException: startShard is not defined[39m
[31mReferenceError: startShard is not defined[39m
[31m    at Object.<anonymous> (/home/ziggymc/Downloads/zigybot/index.js:13:14)[39m
[31m    at Module._compile (node:internal/modules/cjs/loader:1706:14)[39m
[31m    at Object..js (node:internal/modules/cjs/loader:1839:10)[39m
[31m    at Module.load (node:internal/modules/cjs/loader:1441:32)[39m
[31m    at Function._load (node:internal/modules/cjs/loader:1263:12)[39m
[31m    at TracingChannel.traceSync (node:diagnostics_channel:322:14)[39m
[31m    at wrapModuleLoad (node:internal/modules/cjs/loader:237:24)[39m
[31m    at Function.executeUserEntryPoint [as runMain] (node:internal/modules/run_main:171:5)[39m
[31m    at node:internal/main/run_main_module:36:49[39m
[Bot Base] - [01-02-2026 21:54:06][[31merror[39m]: [31m[CommandLoader] Failed to load /home/ziggymc/Downloads/zigybot/commands/slash/public/ai.js: Cannot find module '../../../schemas/GeminiUsage'[39m
[31mRequire stack:[39m
[31m- /home/ziggymc/Downloads/zigybot/commands/slash/public/ai.js[39m
[31m- /home/ziggymc/Downloads/zigybot/handlers/commandHandler.js[39m
[31m- /home/ziggymc/Downloads/zigybot/events/client/ready.js[39m
[31m- /home/ziggymc/Downloads/zigybot/handlers/eventHandler.js[39m
[31m- /home/ziggymc/Downloads/zigybot/index.js[39m
[Bot Base] - [01-02-2026 21:54:53][[31merror[39m]: [31m[CommandLoader] Failed to load /home/ziggymc/Downloads/zigybot/commands/slash/public/ai.js: Cannot find module '../../../schemas/UserGeminiKey'[39m
[31mRequire stack:[39m
[31m- /home/ziggymc/Downloads/zigybot/commands/slash/public/ai.js[39m
[31m- /home/ziggymc/Downloads/zigybot/handlers/commandHandler.js[39m
[31m- /home/ziggymc/Downloads/zigybot/events/client/ready.js[39m
[31m- /home/ziggymc/Downloads/zigybot/handlers/eventHandler.js[39m
[31m- /home/ziggymc/Downloads/zigybot/index.js[39m
[Bot Base] - [01-02-2026 23:11:35][[31merror[39m]: [31m[CommandLoader] Failed to load /home/ziggymc/Downloads/zigybot/commands/slash/public/ticket.js: sub.setName(...).setDescription(...).setDefaultMemberPermissions is not a function[39m
[Bot Base] - [01-02-2026 23:12:48][[31merror[39m]: [31m[CommandLoader] Failed to load /home/ziggymc/Downloads/zigybot/commands/slash/public/ticket.js: sub.setName(...).setDescription(...).setDefaultMemberPermissions is not a function[39m
[Bot Base] - [01-02-2026 23:12:58][[31merror[39m]: [31m[CommandLoader] Failed to load /home/ziggymc/Downloads/zigybot/commands/slash/public/ticket.js: sub.setName(...).setDescription(...).setDefaultMemberPermissions is not a function[39m
[Bot Base] - [01-02-2026 23:14:12][[31merror[39m]: [31m[CommandLoader] Failed to sync global commands: Invalid Form Body[39m
[31m14.options[0].options[4][APPLICATION_COMMAND_OPTIONS_REQUIRED_INVALID]: Required options must be placed before non-required options Invalid Form Body[39m
[31m14.options[0].options[4][APPLICATION_COMMAND_OPTIONS_REQUIRED_INVALID]: Required options must be placed before non-required options[39m
[Bot Base] - [01-02-2026 23:56:55][[31merror[39m]: [31m[Interactions] Error executing component close_ticket: ENOENT: no such file or directory, open './transcripts/ticket-6958a17586f2e6e3fe6f3d28.txt' ENOENT: no such file or directory, open './transcripts/ticket-6958a17586f2e6e3fe6f3d28.txt'[39m
[Bot Base] - [01-03-2026 00:17:09][[31merror[39m]: [31m[CommandLoader] Failed to load /home/ziggymc/Downloads/zigybot/commands/slash/public/help/help.js: Unexpected string[39m
[Bot Base] - [01-03-2026 00:17:27][[31merror[39m]: [31m[CommandLoader] Failed to load /home/ziggymc/Downloads/zigybot/commands/slash/public/help/help.js: Invalid or unexpected token[39m
[Bot Base] - [01-03-2026 00:18:17][[31merror[39m]: [31m[CommandLoader] Failed to load /home/ziggymc/Downloads/zigybot/commands/slash/public/help/help.js: Unexpected string[39m
[Bot Base] - [01-03-2026 00:18:38][[31merror[39m]: [31m[CommandLoader] Failed to load /home/ziggymc/Downloads/zigybot/commands/slash/public/help/help.js: Unexpected string[39m
[Bot Base] - [01-03-2026 00:19:02][[31merror[39m]: [31m[CommandLoader] Failed to load /home/ziggymc/Downloads/zigybot/commands/slash/public/help/help.js: Unexpected string[39m
[Bot Base] - [01-03-2026 00:19:15][[31merror[39m]: [31m[CommandLoader] Failed to load /home/ziggymc/Downloads/zigybot/commands/slash/public/help/help.js: Unexpected string[39m
[Bot Base] - [01-03-2026 00:19:37][[31merror[39m]: [31m[CommandLoader] Failed to load /home/ziggymc/Downloads/zigybot/commands/slash/public/help/help.js: Unexpected string[39m
[Bot Base] - [01-03-2026 00:20:00][[31merror[39m]: [31m[CommandLoader] Failed to load /home/ziggymc/Downloads/zigybot/commands/slash/public/help/help.js: Unexpected string[39m
[Bot Base] - [01-03-2026 00:20:26][[31merror[39m]: [31m[CommandLoader] Failed to load /home/ziggymc/Downloads/zigybot/commands/slash/public/help/help.js: Unexpected string[39m
[Bot Base] - [01-03-2026 00:20:43][[31merror[39m]: [31m[CommandLoader] Failed to load /home/ziggymc/Downloads/zigybot/commands/slash/public/help/help.js: Invalid or unexpected token[39m
[Bot Base] - [01-03-2026 00:21:00][[31merror[39m]: [31m[CommandLoader] Failed to load /home/ziggymc/Downloads/zigybot/commands/slash/public/help/help.js: Unexpected token ';'[39m
[Bot Base] - [01-03-2026 00:21:23][[31merror[39m]: [31m[CommandLoader] Failed to load /home/ziggymc/Downloads/zigybot/commands/slash/public/help/help.js: Unexpected token ':'[39m
[Bot Base] - [01-03-2026 00:21:49][[31merror[39m]: [31m[CommandLoader] Failed to load /home/ziggymc/Downloads/zigybot/commands/slash/public/help/help.js: Unexpected string[39m
[Bot Base] - [01-03-2026 00:22:04][[31merror[39m]: [31m[CommandLoader] Failed to load /home/ziggymc/Downloads/zigybot/commands/slash/public/help/help.js: Unexpected string[39m
[Bot Base] - [01-03-2026 00:22:15][[31merror[39m]: [31m[CommandLoader] Failed to load /home/ziggymc/Downloads/zigybot/commands/slash/public/help/help.js: Unexpected string[39m
[Bot Base] - [01-03-2026 00:22:40][[31merror[39m]: [31m[CommandLoader] Failed to load /home/ziggymc/Downloads/zigybot/commands/slash/public/help/help.js: Unexpected string[39m
[Bot Base] - [01-03-2026 00:23:09][[31merror[39m]: [31m[CommandLoader] Failed to load /home/ziggymc/Downloads/zigybot/commands/slash/public/help/help.js: Unexpected string[39m
[Bot Base] - [01-03-2026 00:23:38][[31merror[39m]: [31m[CommandLoader] Failed to load /home/ziggymc/Downloads/zigybot/commands/slash/public/help/help.js: Unexpected string[39m
[Bot Base] - [01-03-2026 00:24:02][[31merror[39m]: [31m[CommandLoader] Failed to load /home/ziggymc/Downloads/zigybot/commands/slash/public/help/help.js: Unexpected string[39m
[Bot Base] - [01-03-2026 00:24:21][[31merror[39m]: [31m[CommandLoader] Failed to load /home/ziggymc/Downloads/zigybot/commands/slash/public/help/help.js: Unexpected string[39m
[Bot Base] - [01-03-2026 00:24:37][[31merror[39m]: [31m[CommandLoader] Failed to load /home/ziggymc/Downloads/zigybot/commands/slash/public/help/help.js: Unexpected string[39m
[Bot Base] - [01-03-2026 00:25:01][[31merror[39m]: [31m[CommandLoader] Failed to load /home/ziggymc/Downloads/zigybot/commands/slash/public/help/help.js: Unexpected string[39m
[Bot Base] - [01-03-2026 00:25:26][[31merror[39m]: [31m[CommandLoader] Failed to load /home/ziggymc/Downloads/zigybot/commands/slash/public/help/help.js: Unexpected string[39m
[Bot Base] - [01-03-2026 00:26:17][[31merror[39m]: [31m[CommandLoader] Failed to load /home/ziggymc/Downloads/zigybot/commands/slash/public/help/help.js: Unexpected string[39m
[Bot Base] - [01-03-2026 00:26:35][[31merror[39m]: [31m[CommandLoader] Failed to load /home/ziggymc/Downloads/zigybot/commands/slash/public/help/help.js: Unexpected string[39m
[Bot Base] - [01-03-2026 00:26:58][[31merror[39m]: [31m[CommandLoader] Failed to load /home/ziggymc/Downloads/zigybot/commands/slash/public/help/help.js: Unexpected token ';'[39m
[Bot Base] - [01-03-2026 00:27:16][[31merror[39m]: [31m[CommandLoader] Failed to load /home/ziggymc/Downloads/zigybot/commands/slash/public/help/help.js: Invalid or unexpected token[39m
[Bot Base] - [01-03-2026 00:27:35][[31merror[39m]: [31m[CommandLoader] Failed to load /home/ziggymc/Downloads/zigybot/commands/slash/public/help/help.js: Unexpected string[39m
[Bot Base] - [01-03-2026 00:27:49][[31merror[39m]: [31m[CommandLoader] Failed to load /home/ziggymc/Downloads/zigybot/commands/slash/public/help/help.js: Unexpected string[39m
[Bot Base] - [01-03-2026 00:27:59][[31merror[39m]: [31m[CommandLoader] Failed to load /home/ziggymc/Downloads/zigybot/commands/slash/public/help/help.js: Unexpected string[39m
[Bot Base] - [01-03-2026 00:28:12][[31merror[39m]: [31m[CommandLoader] Failed to load /home/ziggymc/Downloads/zigybot/commands/slash/public/help/help.js: Unexpected string[39m
[Bot Base] - [01-03-2026 00:28:28][[31merror[39m]: [31m[CommandLoader] Failed to load /home/ziggymc/Downloads/zigybot/commands/slash/public/help/help.js: Unexpected string[39m
[Bot Base] - [01-03-2026 00:28:42][[31merror[39m]: [31m[CommandLoader] Failed to load /home/ziggymc/Downloads/zigybot/commands/slash/public/help/help.js: Unexpected token ':'[39m
[Bot Base] - [01-03-2026 00:28:56][[31merror[39m]: [31m[CommandLoader] Failed to load /home/ziggymc/Downloads/zigybot/commands/slash/public/help/help.js: Unexpected string[39m
[Bot Base] - [01-03-2026 00:29:17][[31merror[39m]: [31m[CommandLoader] Failed to load /home/ziggymc/Downloads/zigybot/commands/slash/public/help/help.js: Unexpected string[39m
[Bot Base] - [01-03-2026 00:29:34][[31merror[39m]: [31m[CommandLoader] Failed to load /home/ziggymc/Downloads/zigybot/commands/slash/public/help/help.js: Unexpected string[39m
[Bot Base] - [01-03-2026 00:29:54][[31merror[39m]: [31m[CommandLoader] Failed to load /home/ziggymc/Downloads/zigybot/commands/slash/public/help/help.js: Unexpected string[39m
[Bot Base] - [01-03-2026 00:30:12][[31merror[39m]: [31m[CommandLoader] Failed to load /home/ziggymc/Downloads/zigybot/commands/slash/public/help/help.js: Unexpected string[39m
[Bot Base] - [01-03-2026 00:30:25][[31merror[39m]: [31m[CommandLoader] Failed to load /home/ziggymc/Downloads/zigybot/commands/slash/public/help/help.js: Unexpected string[39m
[Bot Base] - [01-03-2026 00:30:35][[31merror[39m]: [31m[CommandLoader] Failed to load /home/ziggymc/Downloads/zigybot/commands/slash/public/help/help.js: Unexpected string[39m
[Bot Base] - [01-03-2026 00:30:51][[31merror[39m]: [31m[CommandLoader] Failed to load /home/ziggymc/Downloads/zigybot/commands/slash/public/help/help.js: Unexpected string[39m
[Bot Base] - [01-03-2026 00:31:01][[31merror[39m]: [31m[CommandLoader] Failed to load /home/ziggymc/Downloads/zigybot/commands/slash/public/help/help.js: Unexpected string[39m
[Bot Base] - [01-03-2026 00:31:11][[31merror[39m]: [31m[CommandLoader] Failed to load /home/ziggymc/Downloads/zigybot/commands/slash/public/help/help.js: Unexpected string[39m
[Bot Base] - [01-03-2026 00:31:21][[31merror[39m]: [31m[CommandLoader] Failed to load /home/ziggymc/Downloads/zigybot/commands/slash/public/help/help.js: Unexpected string[39m
[Bot Base] - [01-03-2026 00:31:33][[31merror[39m]: [31m[CommandLoader] Failed to load /home/ziggymc/Downloads/zigybot/commands/slash/public/help/help.js: Unexpected string[39m
[Bot Base] - [01-03-2026 00:31:46][[31merror[39m]: [31m[CommandLoader] Failed to load /home/ziggymc/Downloads/zigybot/commands/slash/public/help/help.js: Unexpected string[39m
[Bot Base] - [01-03-2026 00:32:01][[31merror[39m]: [31m[CommandLoader] Failed to load /home/ziggymc/Downloads/zigybot/commands/slash/public/help/help.js: Unexpected string[39m
[Bot Base] - [01-03-2026 00:32:19][[31merror[39m]: [31m[CommandLoader] Failed to load /home/ziggymc/Downloads/zigybot/commands/slash/public/help/help.js: Unexpected string[39m
[Bot Base] - [01-03-2026 00:32:34][[31merror[39m]: [31m[CommandLoader] Failed to load /home/ziggymc/Downloads/zigybot/commands/slash/public/help/help.js: Unexpected string[39m
[Bot Base] - [01-03-2026 00:32:50][[31merror[39m]: [31m[CommandLoader] Failed to load /home/ziggymc/Downloads/zigybot/commands/slash/public/help/help.js: Unexpected string[39m
[Bot Base] - [01-03-2026 00:33:07][[31merror[39m]: [31m[CommandLoader] Failed to load /home/ziggymc/Downloads/zigybot/commands/slash/public/help/help.js: Unexpected string[39m
[Bot Base] - [01-03-2026 00:33:20][[31merror[39m]: [31m[CommandLoader] Failed to load /home/ziggymc/Downloads/zigybot/commands/slash/public/help/help.js: Unexpected string[39m
[Bot Base] - [01-03-2026 00:33:31][[31merror[39m]: [31m[CommandLoader] Failed to load /home/ziggymc/Downloads/zigybot/commands/slash/public/help/help.js: Unexpected string[39m
[Bot Base] - [01-03-2026 00:33:46][[31merror[39m]: [31m[CommandLoader] Failed to load /home/ziggymc/Downloads/zigybot/commands/slash/public/help/help.js: Unexpected token ';'[39m
[Bot Base] - [01-03-2026 00:33:58][[31merror[39m]: [31m[CommandLoader] Failed to load /home/ziggymc/Downloads/zigybot/commands/slash/public/help/help.js: Unexpected string[39m
[Bot Base] - [01-03-2026 00:34:12][[31merror[39m]: [31m[CommandLoader] Failed to load /home/ziggymc/Downloads/zigybot/commands/slash/public/help/help.js: Unexpected string[39m
[Bot Base] - [01-03-2026 00:34:26][[31merror[39m]: [31m[CommandLoader] Failed to load /home/ziggymc/Downloads/zigybot/commands/slash/public/help/help.js: Unexpected token ';'[39m
[Bot Base] - [01-03-2026 00:39:15][[31merror[39m]: [31m[CommandLoader] Failed to load /home/ziggymc/Downloads/zigybot/commands/slash/public/help/help.js: Unexpected string[39m
[Bot Base] - [01-03-2026 00:39:38][[31merror[39m]: [31m[CommandLoader] Failed to load /home/ziggymc/Downloads/zigybot/commands/slash/public/help/help.js: Unexpected token ':'[39m
[Bot Base] - [01-03-2026 00:39:58][[31merror[39m]: [31m[CommandLoader] Failed to load /home/ziggymc/Downloads/zigybot/commands/slash/public/help/help.js: Unexpected string[39m
