[Bot Base] - [01-19-2026 22:15:53][[31merror[39m]: [31m[CommandLoader] Failed to load /home/ziggymc/Downloads/zigybot/commands/slash/public/info_command.js: missing ) after argument list[39m
[Bot Base] - [01-19-2026 22:16:36][[31merror[39m]: [31m[CommandLoader] Failed to load /home/ziggymc/Downloads/zigybot/commands/slash/public/info_command.js: missing ) after argument list[39m
[Bot Base] - [01-19-2026 22:19:58][[31merror[39m]: [31munhandledRejection: Invalid shard[39m
[31mError: Invalid shard[39m
[31m    at WebSocketShard.onClose (/home/ziggymc/Downloads/zigybot/node_modules/@discordjs/ws/dist/index.js:1127:18)[39m
[31m    at connection.onclose (/home/ziggymc/Downloads/zigybot/node_modules/@discordjs/ws/dist/index.js:688:17)[39m
[31m    at callListener (/home/ziggymc/Downloads/zigybot/node_modules/ws/lib/event-target.js:290:14)[39m
[31m    at WebSocket.onClose (/home/ziggymc/Downloads/zigybot/node_modules/ws/lib/event-target.js:220:9)[39m
[31m    at WebSocket.emit (node:events:519:28)[39m
[31m    at WebSocket.emitClose (/home/ziggymc/Downloads/zigybot/node_modules/ws/lib/websocket.js:272:10)[39m
[31m    at TLSSocket.socketOnClose (/home/ziggymc/Downloads/zigybot/node_modules/ws/lib/websocket.js:1341:15)[39m
[31m    at TLSSocket.emit (node:events:531:35)[39m
[31m    at node:net:346:12[39m
[31m    at TCP.done (node:_tls_wrap:650:7)[39m
[Bot Base] - [01-19-2026 22:23:58][[31merror[39m]: [31m[CommandLoader] Failed to load /home/ziggymc/Downloads/zigybot/commands/slash/public/info_command.js: Unexpected token 'const'[39m
[Bot Base] - [01-19-2026 22:25:59][[31merror[39m]: [31m[CommandLoader] Failed to load /home/ziggymc/Downloads/zigybot/commands/slash/public/info_command.js: Unexpected token 'return'[39m
[Bot Base] - [01-19-2026 22:26:19][[31merror[39m]: [31m[CommandLoader] Failed to load /home/ziggymc/Downloads/zigybot/commands/slash/public/info_command.js: Unexpected token 'return'[39m
[Bot Base] - [01-19-2026 22:27:23][[31merror[39m]: [31m[CommandLoader] Failed to load /home/ziggymc/Downloads/zigybot/commands/slash/public/info_command.js: missing ) after argument list[39m
[Bot Base] - [01-19-2026 22:27:41][[31merror[39m]: [31m[CommandLoader] Failed to load /home/ziggymc/Downloads/zigybot/commands/slash/public/info_command.js: missing ) after argument list[39m
[Bot Base] - [01-19-2026 22:28:37][[31merror[39m]: [31m[Interactions] Error executing slash command info: ShardCount is not defined ShardCount is not defined[39m
