[Bot Base] - [04-07-2026 21:22:01][[31merror[39m]: [31m[CommandLoader] Failed to sync global commands: You are not authorized to perform this action on this application You are not authorized to perform this action on this application[39m
[Bot Base] - [04-07-2026 21:22:01][[31merror[39m]: [31m[CommandLoader] Failed to sync developer guild commands: You are not authorized to perform this action on this application You are not authorized to perform this action on this application[39m
[Bot Base] - [04-07-2026 21:22:46][[31merror[39m]: [31m[CommandLoader] Failed to sync global commands: You are not authorized to perform this action on this application You are not authorized to perform this action on this application[39m
[Bot Base] - [04-07-2026 21:22:46][[31merror[39m]: [31m[CommandLoader] Failed to sync developer guild commands: You are not authorized to perform this action on this application You are not authorized to perform this action on this application[39m
[Bot Base] - [04-07-2026 21:36:52][[31merror[39m]: [31m[CommandLoader] Failed to sync global commands: You are not authorized to perform this action on this application You are not authorized to perform this action on this application[39m
[Bot Base] - [04-07-2026 21:36:52][[31merror[39m]: [31m[CommandLoader] Failed to sync developer guild commands: You are not authorized to perform this action on this application You are not authorized to perform this action on this application[39m
[Bot Base] - [04-08-2026 13:10:00][[31merror[39m]: [31munhandledRejection: Used disallowed intents[39m
[31mError: Used disallowed intents[39m
[31m    at WebSocketShard.onClose (D:\Z-Hosting\bots\794228666518339604\node_modules\@discordjs\ws\dist\index.js:1151:18)[39m
[31m    at connection.onclose (D:\Z-Hosting\bots\794228666518339604\node_modules\@discordjs\ws\dist\index.js:688:17)[39m
[31m    at callListener (D:\Z-Hosting\bots\794228666518339604\node_modules\ws\lib\event-target.js:290:14)[39m
[31m    at WebSocket.onClose (D:\Z-Hosting\bots\794228666518339604\node_modules\ws\lib\event-target.js:220:9)[39m
[31m    at WebSocket.emit (node:events:518:28)[39m
[31m    at WebSocket.emitClose (D:\Z-Hosting\bots\794228666518339604\node_modules\ws\lib\websocket.js:272:10)[39m
[31m    at TLSSocket.socketOnClose (D:\Z-Hosting\bots\794228666518339604\node_modules\ws\lib\websocket.js:1341:15)[39m
[31m    at TLSSocket.emit (node:events:530:35)[39m
[31m    at node:net:346:12[39m
[31m    at TCP.done (node:_tls_wrap:650:7)[39m
[Bot Base] - [04-08-2026 13:10:30][[31merror[39m]: [31m[CommandLoader] Failed to sync global commands: You are not authorized to perform this action on this application You are not authorized to perform this action on this application[39m
[Bot Base] - [04-08-2026 13:10:31][[31merror[39m]: [31m[CommandLoader] Failed to sync developer guild commands: You are not authorized to perform this action on this application You are not authorized to perform this action on this application[39m
[Bot Base] - [04-08-2026 13:13:36][[31merror[39m]: [31m[CommandLoader] Failed to sync global commands: You are not authorized to perform this action on this application You are not authorized to perform this action on this application[39m
[Bot Base] - [04-08-2026 13:13:36][[31merror[39m]: [31m[CommandLoader] Failed to sync developer guild commands: You are not authorized to perform this action on this application You are not authorized to perform this action on this application[39m
[Bot Base] - [04-08-2026 13:30:40][[31merror[39m]: [31m[CommandLoader] Failed to sync global commands: You are not authorized to perform this action on this application You are not authorized to perform this action on this application[39m
[Bot Base] - [04-08-2026 13:30:40][[31merror[39m]: [31m[CommandLoader] Failed to sync developer guild commands: You are not authorized to perform this action on this application You are not authorized to perform this action on this application[39m
[Bot Base] - [04-08-2026 13:38:14][[31merror[39m]: [31m[CommandLoader] Failed to sync global commands: You are not authorized to perform this action on this application You are not authorized to perform this action on this application[39m
[Bot Base] - [04-08-2026 13:38:15][[31merror[39m]: [31m[CommandLoader] Failed to sync developer guild commands: You are not authorized to perform this action on this application You are not authorized to perform this action on this application[39m
